<?xml version="1.0" encoding="UTF-8"?>
<testsuite xmlns:xsi="http://www.w3.org/2001/XMLSchema-instance" xsi:noNamespaceSchemaLocation="https://maven.apache.org/surefire/maven-surefire-plugin/xsd/surefire-test-report-3.0.xsd" version="3.0" name="com.example.atenciones_medicas.AtencionesMedicasApplicationTests" time="10.775" tests="1" errors="0" skipped="0" failures="0">
  <properties>
[...]
</properties>
  <testcase name="contextLoads" classname="com.example.atenciones_medicas.AtencionesMedicasApplicationTests" time="0.408">
    <system-out><![CDATA[20:51:24.462 [main] INFO org.springframework.test.context.support.AnnotationConfigContextLoaderUtils -- Could not detect default configuration classes for test class [com.example.atenciones_medicas.AtencionesMedicasApplicationTests]: AtencionesMedicasApplicationTests does not declare any static, non-private, non-final, nested classes annotated with @Configuration.
20:51:24.808 [main] INFO org.springframework.boot.test.context.SpringBootTestContextBootstrapper -- Found @SpringBootConfiguration com.example.atenciones_medicas.AtencionesMedicasApplication for test class com.example.atenciones_medicas.AtencionesMedicasApplicationTests
20:51:25.210 [main] INFO org.springframework.boot.devtools.restart.RestartApplicationListener -- Restart disabled due to context in which it is running

  .   ____          _            __ _ _
 /\\ / ___'_ __ _ _(_)_ __  __ _ \ \ \ \
( ( )\___ | '_ | '_| | '_ \/ _` | \ \ \ \
 \\/  ___)| |_)| | | | | || (_| |  ) ) ) )
  '  |____| .__|_| |_|_| |_\__, | / / / /
 =========|_|==============|___/=/_/_/_/
 :: Spring Boot ::                (v3.2.5)

2024-04-29T20:51:25.809-04:00 DEBUG 12448 --- [atenciones_medicas] [kground-preinit] o.h.v.i.xml.config.ValidationXmlParser   : Trying to load META-INF/validation.xml for XML based Validator configuration.
2024-04-29T20:51:25.812-04:00 DEBUG 12448 --- [atenciones_medicas] [kground-preinit] o.h.v.i.xml.config.ResourceLoaderHelper  : Trying to load META-INF/validation.xml via TCCL
2024-04-29T20:51:25.813-04:00 DEBUG 12448 --- [atenciones_medicas] [kground-preinit] o.h.v.i.xml.config.ResourceLoaderHelper  : Trying to load META-INF/validation.xml via Hibernate Validator's class loader
2024-04-29T20:51:25.814-04:00 DEBUG 12448 --- [atenciones_medicas] [kground-preinit] o.h.v.i.xml.config.ValidationXmlParser   : No META-INF/validation.xml found. Using annotation based configuration only.
2024-04-29T20:51:25.824-04:00 DEBUG 12448 --- [atenciones_medicas] [kground-preinit] o.h.v.i.e.resolver.TraversableResolvers  : Found jakarta.persistence.Persistence on classpath containing 'getPersistenceUtil'. Assuming JPA 2 environment. Trying to instantiate JPA aware TraversableResolver
2024-04-29T20:51:25.826-04:00 DEBUG 12448 --- [atenciones_medicas] [kground-preinit] o.h.v.i.e.resolver.TraversableResolvers  : Instantiated JPA aware TraversableResolver of type org.hibernate.validator.internal.engine.resolver.JPATraversableResolver.
2024-04-29T20:51:25.828-04:00  INFO 12448 --- [atenciones_medicas] [           main] c.e.a.AtencionesMedicasApplicationTests  : Starting AtencionesMedicasApplicationTests using Java 21.0.2 with PID 12448 (started by JavierLopez in C:\Users\JavierLopez\Desktop\DesarrolloDuocUC\atenciones_medicas)
2024-04-29T20:51:25.830-04:00  INFO 12448 --- [atenciones_medicas] [           main] c.e.a.AtencionesMedicasApplicationTests  : No active profile set, falling back to 1 default profile: "default"
2024-04-29T20:51:25.831-04:00 DEBUG 12448 --- [atenciones_medicas] [           main] o.s.boot.SpringApplication               : Loading source class com.example.atenciones_medicas.AtencionesMedicasApplication
2024-04-29T20:51:25.867-04:00 DEBUG 12448 --- [atenciones_medicas] [kground-preinit] .h.v.m.ResourceBundleMessageInterpolator : Loaded expression factory via original TCCL
2024-04-29T20:51:25.881-04:00 DEBUG 12448 --- [atenciones_medicas] [           main] o.s.w.c.s.GenericWebApplicationContext   : Refreshing org.springframework.web.context.support.GenericWebApplicationContext@1bc53649
2024-04-29T20:51:25.916-04:00 DEBUG 12448 --- [atenciones_medicas] [           main] o.s.b.f.s.DefaultListableBeanFactory     : Creating shared instance of singleton bean 'org.springframework.context.annotation.internalConfigurationAnnotationProcessor'
2024-04-29T20:51:25.950-04:00 DEBUG 12448 --- [atenciones_medicas] [           main] o.s.b.f.s.DefaultListableBeanFactory     : Creating shared instance of singleton bean 'org.springframework.boot.autoconfigure.internalCachingMetadataReaderFactory'
2024-04-29T20:51:26.090-04:00 DEBUG 12448 --- [atenciones_medicas] [kground-preinit] .i.e.ValidatorFactoryConfigurationHelper : HV000252: Using org.hibernate.validator.internal.engine.DefaultPropertyNodeNameProvider as property node name provider.
2024-04-29T20:51:26.095-04:00 DEBUG 12448 --- [atenciones_medicas] [           main] o.s.c.a.ClassPathBeanDefinitionScanner   : Identified candidate component class: file [C:\Users\JavierLopez\Desktop\DesarrolloDuocUC\atenciones_medicas\target\classes\com\example\atenciones_medicas\controller\AtencionMedicaController.class]
2024-04-29T20:51:26.102-04:00 DEBUG 12448 --- [atenciones_medicas] [           main] o.s.c.a.ClassPathBeanDefinitionScanner   : Identified candidate component class: file [C:\Users\JavierLopez\Desktop\DesarrolloDuocUC\atenciones_medicas\target\classes\com\example\atenciones_medicas\controller\PacienteController.class]
2024-04-29T20:51:26.102-04:00 DEBUG 12448 --- [atenciones_medicas] [kground-preinit] .i.e.ValidatorFactoryConfigurationHelper : HV000234: Using org.hibernate.validator.messageinterpolation.ResourceBundleMessageInterpolator as ValidatorFactory-scoped message interpolator.
2024-04-29T20:51:26.103-04:00 DEBUG 12448 --- [atenciones_medicas] [kground-preinit] .i.e.ValidatorFactoryConfigurationHelper : HV000234: Using org.hibernate.validator.internal.engine.resolver.JPATraversableResolver as ValidatorFactory-scoped traversable resolver.
2024-04-29T20:51:26.103-04:00 DEBUG 12448 --- [atenciones_medicas] [kground-preinit] .i.e.ValidatorFactoryConfigurationHelper : HV000234: Using org.hibernate.validator.internal.util.ExecutableParameterNameProvider as ValidatorFactory-scoped parameter name provider.
2024-04-29T20:51:26.103-04:00 DEBUG 12448 --- [atenciones_medicas] [kground-preinit] .i.e.ValidatorFactoryConfigurationHelper : HV000234: Using org.hibernate.validator.internal.engine.DefaultClockProvider as ValidatorFactory-scoped clock provider.
2024-04-29T20:51:26.103-04:00 DEBUG 12448 --- [atenciones_medicas] [kground-preinit] .i.e.ValidatorFactoryConfigurationHelper : HV000234: Using org.hibernate.validator.internal.engine.scripting.DefaultScriptEvaluatorFactory as ValidatorFactory-scoped script evaluator factory.
2024-04-29T20:51:26.120-04:00 DEBUG 12448 --- [atenciones_medicas] [           main] o.s.c.a.ClassPathBeanDefinitionScanner   : Identified candidate component class: file [C:\Users\JavierLopez\Desktop\DesarrolloDuocUC\atenciones_medicas\target\classes\com\example\atenciones_medicas\service\AtencionMedicaImpl.class]
2024-04-29T20:51:26.124-04:00 DEBUG 12448 --- [atenciones_medicas] [           main] o.s.c.a.ClassPathBeanDefinitionScanner   : Identified candidate component class: file [C:\Users\JavierLopez\Desktop\DesarrolloDuocUC\atenciones_medicas\target\classes\com\example\atenciones_medicas\service\PacienteServiceImpl.class]
2024-04-29T20:51:27.021-04:00  INFO 12448 --- [atenciones_medicas] [           main] .s.d.r.c.RepositoryConfigurationDelegate : Bootstrapping Spring Data JPA repositories in DEFAULT mode.
2024-04-29T20:51:27.032-04:00 DEBUG 12448 --- [atenciones_medicas] [           main] o.s.b.f.s.DefaultListableBeanFactory     : Creating shared instance of singleton bean 'org.springframework.boot.autoconfigure.AutoConfigurationPackages'
2024-04-29T20:51:27.042-04:00 DEBUG 12448 --- [atenciones_medicas] [           main] o.s.b.a.AutoConfigurationPackages        : @EnableAutoConfiguration was declared on a class in the package 'com.example.atenciones_medicas'. Automatic @Repository and @Entity scanning is enabled.
2024-04-29T20:51:27.044-04:00 DEBUG 12448 --- [atenciones_medicas] [           main] .s.d.r.c.RepositoryConfigurationDelegate : Scanning for JPA repositories in packages com.example.atenciones_medicas.
2024-04-29T20:51:27.056-04:00 DEBUG 12448 --- [atenciones_medicas] [           main] o.s.d.r.c.RepositoryComponentProvider    : Identified candidate component class: file [C:\Users\JavierLopez\Desktop\DesarrolloDuocUC\atenciones_medicas\target\classes\com\example\atenciones_medicas\repository\AtencionMedicaRepository.class]
2024-04-29T20:51:27.056-04:00 DEBUG 12448 --- [atenciones_medicas] [           main] o.s.d.r.c.RepositoryComponentProvider    : Identified candidate component class: file [C:\Users\JavierLopez\Desktop\DesarrolloDuocUC\atenciones_medicas\target\classes\com\example\atenciones_medicas\repository\PacienteRepository.class]
2024-04-29T20:51:27.090-04:00 DEBUG 12448 --- [atenciones_medicas] [           main] ssPathScanningCandidateComponentProvider : Identified candidate component class: file [C:\Users\JavierLopez\Desktop\DesarrolloDuocUC\atenciones_medicas\target\classes\com\example\atenciones_medicas\service\AtencionMedicaImpl.class]
2024-04-29T20:51:27.091-04:00 DEBUG 12448 --- [atenciones_medicas] [           main] ssPathScanningCandidateComponentProvider : Identified candidate component class: file [C:\Users\JavierLopez\Desktop\DesarrolloDuocUC\atenciones_medicas\target\classes\com\example\atenciones_medicas\service\PacienteServiceImpl.class]
2024-04-29T20:51:27.108-04:00  INFO 12448 --- [atenciones_medicas] [           main] .s.d.r.c.RepositoryConfigurationDelegate : Finished Spring Data repository scanning in 61 ms. Found 2 JPA repository interfaces.
2024-04-29T20:51:27.386-04:00 DEBUG 12448 --- [atenciones_medicas] [           main] o.s.b.f.s.DefaultListableBeanFactory     : Creating shared instance of singleton bean 'propertySourcesPlaceholderConfigurer'
2024-04-29T20:51:27.390-04:00 DEBUG 12448 --- [atenciones_medicas] [           main] o.s.b.f.s.DefaultListableBeanFactory     : Creating shared instance of singleton bean 'org.springframework.boot.test.mock.mockito.MockitoPostProcessor'
2024-04-29T20:51:27.392-04:00 DEBUG 12448 --- [atenciones_medicas] [           main] o.s.b.f.s.DefaultListableBeanFactory     : Creating shared instance of singleton bean 'emBeanDefinitionRegistrarPostProcessor'
2024-04-29T20:51:27.392-04:00 DEBUG 12448 --- [atenciones_medicas] [           main] o.s.b.f.s.DefaultListableBeanFactory     : Creating shared instance of singleton bean 'org.springframework.boot.sql.init.dependency.DatabaseInitializationDependencyConfigurer$DependsOnDatabaseInitializationPostProcessor'
2024-04-29T20:51:27.451-04:00 DEBUG 12448 --- [atenciones_medicas] [           main] o.s.b.f.s.DefaultListableBeanFactory     : Creating shared instance of singleton bean 'org.springframework.context.event.internalEventListenerProcessor'
2024-04-29T20:51:27.454-04:00 DEBUG 12448 --- [atenciones_medicas] [           main] o.s.b.f.s.DefaultListableBeanFactory     : Creating shared instance of singleton bean 'preserveErrorControllerTargetClassPostProcessor'
2024-04-29T20:51:27.455-04:00 DEBUG 12448 --- [atenciones_medicas] [           main] o.s.b.f.s.DefaultListableBeanFactory     : Creating shared instance of singleton bean 'org.springframework.context.event.internalEventListenerFactory'
2024-04-29T20:51:27.456-04:00 DEBUG 12448 --- [atenciones_medicas] [           main] o.s.b.f.s.DefaultListableBeanFactory     : Creating shared instance of singleton bean 'org.springframework.transaction.config.internalTransactionalEventListenerFactory'
2024-04-29T20:51:27.461-04:00 DEBUG 12448 --- [atenciones_medicas] [           main] o.s.b.f.s.DefaultListableBeanFactory     : Creating shared instance of singleton bean 'org.springframework.boot.test.mock.mockito.MockitoPostProcessor$SpyPostProcessor'
2024-04-29T20:51:27.462-04:00 DEBUG 12448 --- [atenciones_medicas] [           main] o.s.b.f.s.DefaultListableBeanFactory     : Creating shared instance of singleton bean 'org.springframework.context.annotation.internalAutowiredAnnotationProcessor'
2024-04-29T20:51:27.464-04:00 DEBUG 12448 --- [atenciones_medicas] [           main] o.s.b.f.s.DefaultListableBeanFactory     : Creating shared instance of singleton bean 'org.springframework.context.annotation.internalCommonAnnotationProcessor'
2024-04-29T20:51:27.468-04:00 DEBUG 12448 --- [atenciones_medicas] [           main] o.s.b.f.s.DefaultListableBeanFactory     : Creating shared instance of singleton bean 'org.springframework.context.annotation.internalPersistenceAnnotationProcessor'
2024-04-29T20:51:27.469-04:00 DEBUG 12448 --- [atenciones_medicas] [           main] o.s.b.f.s.DefaultListableBeanFactory     : Creating shared instance of singleton bean 'org.springframework.boot.context.properties.ConfigurationPropertiesBindingPostProcessor'
2024-04-29T20:51:27.470-04:00 DEBUG 12448 --- [atenciones_medicas] [           main] o.s.b.f.s.DefaultListableBeanFactory     : Creating shared instance of singleton bean 'org.springframework.boot.context.internalConfigurationPropertiesBinder'
2024-04-29T20:51:27.473-04:00 DEBUG 12448 --- [atenciones_medicas] [           main] o.s.b.f.s.DefaultListableBeanFactory     : Creating shared instance of singleton bean 'jdbcConnectionDetailsHikariBeanPostProcessor'
2024-04-29T20:51:27.477-04:00 DEBUG 12448 --- [atenciones_medicas] [           main] o.s.b.f.s.DefaultListableBeanFactory     : Creating shared instance of singleton bean 'methodValidationPostProcessor'
2024-04-29T20:51:27.500-04:00 DEBUG 12448 --- [atenciones_medicas] [           main] o.s.b.f.s.DefaultListableBeanFactory     : Autowiring by type from bean name 'methodValidationPostProcessor' via factory method to bean named 'environment'
2024-04-29T20:51:27.502-04:00 DEBUG 12448 --- [atenciones_medicas] [           main] o.s.b.f.s.DefaultListableBeanFactory     : Creating shared instance of singleton bean 'org.springframework.boot.context.properties.EnableConfigurationPropertiesRegistrar.methodValidationExcludeFilter'
2024-04-29T20:51:27.528-04:00 DEBUG 12448 --- [atenciones_medicas] [           main] o.s.b.f.s.DefaultListableBeanFactory     : Creating shared instance of singleton bean 'org.springframework.aop.config.internalAutoProxyCreator'
2024-04-29T20:51:27.586-04:00 DEBUG 12448 --- [atenciones_medicas] [           main] o.s.b.f.s.DefaultListableBeanFactory     : Creating shared instance of singleton bean 'persistenceExceptionTranslationPostProcessor'
2024-04-29T20:51:27.588-04:00 DEBUG 12448 --- [atenciones_medicas] [           main] o.s.b.f.s.DefaultListableBeanFactory     : Autowiring by type from bean name 'persistenceExceptionTranslationPostProcessor' via factory method to bean named 'environment'
2024-04-29T20:51:27.595-04:00 DEBUG 12448 --- [atenciones_medicas] [           main] o.s.b.f.s.DefaultListableBeanFactory     : Creating shared instance of singleton bean 'webServerFactoryCustomizerBeanPostProcessor'
2024-04-29T20:51:27.596-04:00 DEBUG 12448 --- [atenciones_medicas] [           main] o.s.b.f.s.DefaultListableBeanFactory     : Creating shared instance of singleton bean 'errorPageRegistrarBeanPostProcessor'
2024-04-29T20:51:27.598-04:00 DEBUG 12448 --- [atenciones_medicas] [           main] o.s.b.f.s.DefaultListableBeanFactory     : Creating shared instance of singleton bean 'projectingArgumentResolverBeanPostProcessor'
2024-04-29T20:51:27.600-04:00 DEBUG 12448 --- [atenciones_medicas] [           main] o.s.b.f.s.DefaultListableBeanFactory     : Creating shared instance of singleton bean 'org.springframework.transaction.config.internalTransactionAdvisor'
2024-04-29T20:51:27.601-04:00 DEBUG 12448 --- [atenciones_medicas] [           main] o.s.b.f.s.DefaultListableBeanFactory     : Creating shared instance of singleton bean 'org.springframework.transaction.annotation.ProxyTransactionManagementConfiguration'
2024-04-29T20:51:27.620-04:00 DEBUG 12448 --- [atenciones_medicas] [           main] o.s.b.f.s.DefaultListableBeanFactory     : Creating shared instance of singleton bean 'transactionAttributeSource'
2024-04-29T20:51:27.622-04:00 DEBUG 12448 --- [atenciones_medicas] [           main] o.s.b.f.s.DefaultListableBeanFactory     : Creating shared instance of singleton bean 'transactionInterceptor'
2024-04-29T20:51:27.623-04:00 DEBUG 12448 --- [atenciones_medicas] [           main] o.s.b.f.s.DefaultListableBeanFactory     : Autowiring by type from bean name 'transactionInterceptor' via factory method to bean named 'transactionAttributeSource'
2024-04-29T20:51:27.638-04:00 DEBUG 12448 --- [atenciones_medicas] [           main] o.s.b.f.s.DefaultListableBeanFactory     : Autowiring by type from bean name 'org.springframework.transaction.config.internalTransactionAdvisor' via factory method to bean named 'transactionAttributeSource'
2024-04-29T20:51:27.638-04:00 DEBUG 12448 --- [atenciones_medicas] [           main] o.s.b.f.s.DefaultListableBeanFactory     : Autowiring by type from bean name 'org.springframework.transaction.config.internalTransactionAdvisor' via factory method to bean named 'transactionInterceptor'
2024-04-29T20:51:27.672-04:00 DEBUG 12448 --- [atenciones_medicas] [           main] o.s.b.f.s.DefaultListableBeanFactory     : Creating shared instance of singleton bean 'hypermediaRepresentionModelProcessorConfigurator'
2024-04-29T20:51:27.676-04:00 DEBUG 12448 --- [atenciones_medicas] [           main] o.s.b.f.s.DefaultListableBeanFactory     : Creating shared instance of singleton bean 'hypermediaRestTemplateBeanPostProcessor'
2024-04-29T20:51:27.683-04:00 DEBUG 12448 --- [atenciones_medicas] [           main] o.s.u.c.s.UiApplicationContextUtils      : Unable to locate ThemeSource with name 'themeSource': using default [org.springframework.ui.context.support.ResourceBundleThemeSource@343e225a]
2024-04-29T20:51:27.684-04:00 DEBUG 12448 --- [atenciones_medicas] [           main] o.s.b.f.s.DefaultListableBeanFactory     : Creating shared instance of singleton bean 'dataSourceScriptDatabaseInitializer'
2024-04-29T20:51:27.685-04:00 DEBUG 12448 --- [atenciones_medicas] [           main] o.s.b.f.s.DefaultListableBeanFactory     : Creating shared instance of singleton bean 'org.springframework.boot.autoconfigure.sql.init.DataSourceInitializationConfiguration'
2024-04-29T20:51:27.687-04:00 DEBUG 12448 --- [atenciones_medicas] [           main] o.s.b.f.s.DefaultListableBeanFactory     : Creating shared instance of singleton bean 'dataSource'
2024-04-29T20:51:27.689-04:00 DEBUG 12448 --- [atenciones_medicas] [           main] o.s.b.f.s.DefaultListableBeanFactory     : Creating shared instance of singleton bean 'org.springframework.boot.autoconfigure.jdbc.DataSourceConfiguration$Hikari'
2024-04-29T20:51:27.691-04:00 DEBUG 12448 --- [atenciones_medicas] [           main] o.s.b.f.s.DefaultListableBeanFactory     : Creating shared instance of singleton bean 'spring.datasource-org.springframework.boot.autoconfigure.jdbc.DataSourceProperties'
2024-04-29T20:51:27.693-04:00 DEBUG 12448 --- [atenciones_medicas] [           main] o.s.b.f.s.DefaultListableBeanFactory     : Creating shared instance of singleton bean 'org.springframework.boot.context.properties.BoundConfigurationProperties'
2024-04-29T20:51:27.727-04:00 DEBUG 12448 --- [atenciones_medicas] [           main] o.s.b.f.s.DefaultListableBeanFactory     : Creating shared instance of singleton bean 'jdbcConnectionDetails'
2024-04-29T20:51:27.727-04:00 DEBUG 12448 --- [atenciones_medicas] [           main] o.s.b.f.s.DefaultListableBeanFactory     : Creating shared instance of singleton bean 'org.springframework.boot.autoconfigure.jdbc.DataSourceAutoConfiguration$PooledDataSourceConfiguration'
2024-04-29T20:51:27.729-04:00 DEBUG 12448 --- [atenciones_medicas] [           main] o.s.b.f.s.DefaultListableBeanFactory     : Autowiring by type from bean name 'jdbcConnectionDetails' via factory method to bean named 'spring.datasource-org.springframework.boot.autoconfigure.jdbc.DataSourceProperties'
2024-04-29T20:51:27.731-04:00 DEBUG 12448 --- [atenciones_medicas] [           main] o.s.b.f.s.DefaultListableBeanFactory     : Autowiring by type from bean name 'dataSource' via factory method to bean named 'spring.datasource-org.springframework.boot.autoconfigure.jdbc.DataSourceProperties'
2024-04-29T20:51:27.731-04:00 DEBUG 12448 --- [atenciones_medicas] [           main] o.s.b.f.s.DefaultListableBeanFactory     : Autowiring by type from bean name 'dataSource' via factory method to bean named 'jdbcConnectionDetails'
2024-04-29T20:51:27.969-04:00 DEBUG 12448 --- [atenciones_medicas] [           main] o.s.b.f.s.DefaultListableBeanFactory     : Creating shared instance of singleton bean 'spring.sql.init-org.springframework.boot.autoconfigure.sql.init.SqlInitializationProperties'
2024-04-29T20:51:27.973-04:00 DEBUG 12448 --- [atenciones_medicas] [           main] o.s.b.f.s.DefaultListableBeanFactory     : Autowiring by type from bean name 'dataSourceScriptDatabaseInitializer' via factory method to bean named 'dataSource'
2024-04-29T20:51:27.974-04:00 DEBUG 12448 --- [atenciones_medicas] [           main] o.s.b.f.s.DefaultListableBeanFactory     : Autowiring by type from bean name 'dataSourceScriptDatabaseInitializer' via factory method to bean named 'spring.sql.init-org.springframework.boot.autoconfigure.sql.init.SqlInitializationProperties'
2024-04-29T20:51:27.982-04:00 DEBUG 12448 --- [atenciones_medicas] [           main] o.s.b.f.s.DefaultListableBeanFactory     : Creating shared instance of singleton bean 'entityManagerFactory'
2024-04-29T20:51:27.983-04:00 DEBUG 12448 --- [atenciones_medicas] [           main] o.s.b.f.s.DefaultListableBeanFactory     : Creating shared instance of singleton bean 'org.springframework.boot.autoconfigure.orm.jpa.HibernateJpaConfiguration'
2024-04-29T20:51:27.985-04:00 DEBUG 12448 --- [atenciones_medicas] [           main] o.s.b.f.s.DefaultListableBeanFactory     : Creating shared instance of singleton bean 'spring.jpa-org.springframework.boot.autoconfigure.orm.jpa.JpaProperties'
2024-04-29T20:51:27.992-04:00 DEBUG 12448 --- [atenciones_medicas] [           main] o.s.b.f.s.DefaultListableBeanFactory     : Creating shared instance of singleton bean 'spring.jpa.hibernate-org.springframework.boot.autoconfigure.orm.jpa.HibernateProperties'
2024-04-29T20:51:27.995-04:00 DEBUG 12448 --- [atenciones_medicas] [           main] o.s.b.f.s.DefaultListableBeanFactory     : Autowiring by type from bean name 'org.springframework.boot.autoconfigure.orm.jpa.HibernateJpaConfiguration' via constructor to bean named 'dataSource'
2024-04-29T20:51:27.995-04:00 DEBUG 12448 --- [atenciones_medicas] [           main] o.s.b.f.s.DefaultListableBeanFactory     : Autowiring by type from bean name 'org.springframework.boot.autoconfigure.orm.jpa.HibernateJpaConfiguration' via constructor to bean named 'spring.jpa-org.springframework.boot.autoconfigure.orm.jpa.JpaProperties'
2024-04-29T20:51:27.995-04:00 DEBUG 12448 --- [atenciones_medicas] [           main] o.s.b.f.s.DefaultListableBeanFactory     : Autowiring by type from bean name 'org.springframework.boot.autoconfigure.orm.jpa.HibernateJpaConfiguration' via constructor to bean named 'org.springframework.beans.factory.support.DefaultListableBeanFactory@502f8b57'
2024-04-29T20:51:27.995-04:00 DEBUG 12448 --- [atenciones_medicas] [           main] o.s.b.f.s.DefaultListableBeanFactory     : Autowiring by type from bean name 'org.springframework.boot.autoconfigure.orm.jpa.HibernateJpaConfiguration' via constructor to bean named 'spring.jpa.hibernate-org.springframework.boot.autoconfigure.orm.jpa.HibernateProperties'
2024-04-29T20:51:27.999-04:00 DEBUG 12448 --- [atenciones_medicas] [           main] o.s.b.f.s.DefaultListableBeanFactory     : Creating shared instance of singleton bean 'hikariPoolDataSourceMetadataProvider'
2024-04-29T20:51:27.999-04:00 DEBUG 12448 --- [atenciones_medicas] [           main] o.s.b.f.s.DefaultListableBeanFactory     : Creating shared instance of singleton bean 'org.springframework.boot.autoconfigure.jdbc.metadata.DataSourcePoolMetadataProvidersConfiguration$HikariPoolDataSourceMetadataProviderConfiguration'
2024-04-29T20:51:28.007-04:00 DEBUG 12448 --- [atenciones_medicas] [           main] o.s.b.f.s.DefaultListableBeanFactory     : Creating shared instance of singleton bean 'entityManagerFactoryBuilder'
2024-04-29T20:51:28.008-04:00 DEBUG 12448 --- [atenciones_medicas] [           main] o.s.b.f.s.DefaultListableBeanFactory     : Creating shared instance of singleton bean 'jpaVendorAdapter'
2024-04-29T20:51:28.029-04:00 DEBUG 12448 --- [atenciones_medicas] [           main] o.s.b.f.s.DefaultListableBeanFactory     : Autowiring by type from bean name 'entityManagerFactoryBuilder' via factory method to bean named 'jpaVendorAdapter'
2024-04-29T20:51:28.034-04:00 DEBUG 12448 --- [atenciones_medicas] [           main] o.s.b.f.s.DefaultListableBeanFactory     : Creating shared instance of singleton bean 'persistenceManagedTypes'
2024-04-29T20:51:28.036-04:00 DEBUG 12448 --- [atenciones_medicas] [           main] o.s.b.f.s.DefaultListableBeanFactory     : Autowiring by type from bean name 'persistenceManagedTypes' via factory method to bean named 'org.springframework.beans.factory.support.DefaultListableBeanFactory@502f8b57'
2024-04-29T20:51:28.036-04:00 DEBUG 12448 --- [atenciones_medicas] [           main] o.s.b.f.s.DefaultListableBeanFactory     : Autowiring by type from bean name 'persistenceManagedTypes' via factory method to bean named 'org.springframework.web.context.support.GenericWebApplicationContext@1bc53649'
2024-04-29T20:51:28.052-04:00 DEBUG 12448 --- [atenciones_medicas] [           main] o.s.b.f.s.DefaultListableBeanFactory     : Autowiring by type from bean name 'entityManagerFactory' via factory method to bean named 'entityManagerFactoryBuilder'
2024-04-29T20:51:28.052-04:00 DEBUG 12448 --- [atenciones_medicas] [           main] o.s.b.f.s.DefaultListableBeanFactory     : Autowiring by type from bean name 'entityManagerFactory' via factory method to bean named 'persistenceManagedTypes'
2024-04-29T20:51:28.092-04:00 DEBUG 12448 --- [atenciones_medicas] [           main] j.LocalContainerEntityManagerFactoryBean : Building JPA container EntityManagerFactory for persistence unit 'default'
2024-04-29T20:51:28.127-04:00 DEBUG 12448 --- [atenciones_medicas] [           main] o.hibernate.jpa.internal.util.LogHelper  : PersistenceUnitInfo [
	name: default
	persistence provider classname: null
	classloader: jdk.internal.loader.ClassLoaders$AppClassLoader@70dea4e
	excludeUnlistedClasses: true
	JTA datasource: null
	Non JTA datasource: HikariDataSource (null)
	Transaction type: RESOURCE_LOCAL
	PU root URL: file:/C:/Users/JavierLopez/Desktop/DesarrolloDuocUC/atenciones_medicas/target/test-classes/
	Shared Cache Mode: UNSPECIFIED
	Validation Mode: AUTO
	Jar files URLs []
	Managed classes names [
		com.example.atenciones_medicas.model.AtencionMedica
		com.example.atenciones_medicas.model.Paciente]
	Mapping files names []
	Properties []
2024-04-29T20:51:28.158-04:00 DEBUG 12448 --- [atenciones_medicas] [           main] o.h.i.internal.IntegratorServiceImpl     : Adding Integrator [org.hibernate.boot.beanvalidation.BeanValidationIntegrator].
2024-04-29T20:51:28.163-04:00 DEBUG 12448 --- [atenciones_medicas] [           main] o.h.i.internal.IntegratorServiceImpl     : Adding Integrator [org.hibernate.cache.internal.CollectionCacheInvalidator].
2024-04-29T20:51:28.336-04:00  INFO 12448 --- [atenciones_medicas] [           main] org.hibernate.Version                    : HHH000412: Hibernate ORM core version 6.4.4.Final
2024-04-29T20:51:28.339-04:00 DEBUG 12448 --- [atenciones_medicas] [           main] org.hibernate.cfg.Environment            : HHH000206: 'hibernate.properties' not found
2024-04-29T20:51:28.390-04:00 DEBUG 12448 --- [atenciones_medicas] [           main] org.hibernate.orm.idgen.factory          : Registering IdentifierGenerator strategy [uuid2] -> [org.hibernate.id.UUIDGenerator]
2024-04-29T20:51:28.391-04:00 DEBUG 12448 --- [atenciones_medicas] [           main] org.hibernate.orm.idgen.factory          : Registering IdentifierGenerator strategy [guid] -> [org.hibernate.id.GUIDGenerator]
2024-04-29T20:51:28.392-04:00 DEBUG 12448 --- [atenciones_medicas] [           main] org.hibernate.orm.idgen.factory          : Registering IdentifierGenerator strategy [uuid] -> [org.hibernate.id.UUIDHexGenerator]
2024-04-29T20:51:28.393-04:00 DEBUG 12448 --- [atenciones_medicas] [           main] org.hibernate.orm.idgen.factory          : Registering IdentifierGenerator strategy [uuid.hex] -> [org.hibernate.id.UUIDHexGenerator]
2024-04-29T20:51:28.393-04:00 DEBUG 12448 --- [atenciones_medicas] [           main] org.hibernate.orm.idgen.factory          : Registering IdentifierGenerator strategy [assigned] -> [org.hibernate.id.Assigned]
2024-04-29T20:51:28.395-04:00 DEBUG 12448 --- [atenciones_medicas] [           main] org.hibernate.orm.idgen.factory          : Registering IdentifierGenerator strategy [identity] -> [org.hibernate.id.IdentityGenerator]
2024-04-29T20:51:28.395-04:00 DEBUG 12448 --- [atenciones_medicas] [           main] org.hibernate.orm.idgen.factory          : Registering IdentifierGenerator strategy [select] -> [org.hibernate.id.SelectGenerator]
2024-04-29T20:51:28.397-04:00 DEBUG 12448 --- [atenciones_medicas] [           main] org.hibernate.orm.idgen.factory          : Registering IdentifierGenerator strategy [sequence] -> [org.hibernate.id.enhanced.SequenceStyleGenerator]
2024-04-29T20:51:28.398-04:00 DEBUG 12448 --- [atenciones_medicas] [           main] org.hibernate.orm.idgen.factory          : Registering IdentifierGenerator strategy [increment] -> [org.hibernate.id.IncrementGenerator]
2024-04-29T20:51:28.399-04:00 DEBUG 12448 --- [atenciones_medicas] [           main] org.hibernate.orm.idgen.factory          : Registering IdentifierGenerator strategy [foreign] -> [org.hibernate.id.ForeignGenerator]
2024-04-29T20:51:28.399-04:00 DEBUG 12448 --- [atenciones_medicas] [           main] org.hibernate.orm.idgen.factory          : Registering IdentifierGenerator strategy [enhanced-sequence] -> [org.hibernate.id.enhanced.SequenceStyleGenerator]
2024-04-29T20:51:28.400-04:00 DEBUG 12448 --- [atenciones_medicas] [           main] org.hibernate.orm.idgen.factory          : Registering IdentifierGenerator strategy [enhanced-table] -> [org.hibernate.id.enhanced.TableGenerator]
2024-04-29T20:51:28.414-04:00 DEBUG 12448 --- [atenciones_medicas] [           main] o.h.c.internal.RegionFactoryInitiator    : Cannot default RegionFactory based on registered strategies as `[]` RegionFactory strategies were registered
2024-04-29T20:51:28.416-04:00  INFO 12448 --- [atenciones_medicas] [           main] o.h.c.internal.RegionFactoryInitiator    : HHH000026: Second-level cache disabled
2024-04-29T20:51:28.618-04:00 DEBUG 12448 --- [atenciones_medicas] [           main] org.hibernate.type.BasicTypeRegistry     : Adding type registration boolean -> org.hibernate.type.BasicTypeReference@7e3d2ebd
2024-04-29T20:51:28.618-04:00 DEBUG 12448 --- [atenciones_medicas] [           main] org.hibernate.type.BasicTypeRegistry     : Adding type registration boolean -> org.hibernate.type.BasicTypeReference@7e3d2ebd
2024-04-29T20:51:28.618-04:00 DEBUG 12448 --- [atenciones_medicas] [           main] org.hibernate.type.BasicTypeRegistry     : Adding type registration java.lang.Boolean -> org.hibernate.type.BasicTypeReference@7e3d2ebd
2024-04-29T20:51:28.618-04:00 DEBUG 12448 --- [atenciones_medicas] [           main] org.hibernate.type.BasicTypeRegistry     : Adding type registration numeric_boolean -> org.hibernate.type.BasicTypeReference@2b43f314
2024-04-29T20:51:28.618-04:00 DEBUG 12448 --- [atenciones_medicas] [           main] org.hibernate.type.BasicTypeRegistry     : Adding type registration org.hibernate.type.NumericBooleanConverter -> org.hibernate.type.BasicTypeReference@2b43f314
2024-04-29T20:51:28.618-04:00 DEBUG 12448 --- [atenciones_medicas] [           main] org.hibernate.type.BasicTypeRegistry     : Adding type registration true_false -> org.hibernate.type.BasicTypeReference@3a4a5f3c
2024-04-29T20:51:28.618-04:00 DEBUG 12448 --- [atenciones_medicas] [           main] org.hibernate.type.BasicTypeRegistry     : Adding type registration org.hibernate.type.TrueFalseConverter -> org.hibernate.type.BasicTypeReference@3a4a5f3c
2024-04-29T20:51:28.618-04:00 DEBUG 12448 --- [atenciones_medicas] [           main] org.hibernate.type.BasicTypeRegistry     : Adding type registration yes_no -> org.hibernate.type.BasicTypeReference@4f3356c0
2024-04-29T20:51:28.619-04:00 DEBUG 12448 --- [atenciones_medicas] [           main] org.hibernate.type.BasicTypeRegistry     : Adding type registration org.hibernate.type.YesNoConverter -> org.hibernate.type.BasicTypeReference@4f3356c0
2024-04-29T20:51:28.619-04:00 DEBUG 12448 --- [atenciones_medicas] [           main] org.hibernate.type.BasicTypeRegistry     : Adding type registration byte -> org.hibernate.type.BasicTypeReference@586cc15d
2024-04-29T20:51:28.619-04:00 DEBUG 12448 --- [atenciones_medicas] [           main] org.hibernate.type.BasicTypeRegistry     : Adding type registration byte -> org.hibernate.type.BasicTypeReference@586cc15d
2024-04-29T20:51:28.619-04:00 DEBUG 12448 --- [atenciones_medicas] [           main] org.hibernate.type.BasicTypeRegistry     : Adding type registration java.lang.Byte -> org.hibernate.type.BasicTypeReference@586cc15d
2024-04-29T20:51:28.619-04:00 DEBUG 12448 --- [atenciones_medicas] [           main] org.hibernate.type.BasicTypeRegistry     : Adding type registration binary -> org.hibernate.type.BasicTypeReference@6c835217
2024-04-29T20:51:28.619-04:00 DEBUG 12448 --- [atenciones_medicas] [           main] org.hibernate.type.BasicTypeRegistry     : Adding type registration byte[] -> org.hibernate.type.BasicTypeReference@6c835217
2024-04-29T20:51:28.619-04:00 DEBUG 12448 --- [atenciones_medicas] [           main] org.hibernate.type.BasicTypeRegistry     : Adding type registration [B -> org.hibernate.type.BasicTypeReference@6c835217
2024-04-29T20:51:28.619-04:00 DEBUG 12448 --- [atenciones_medicas] [           main] org.hibernate.type.BasicTypeRegistry     : Adding type registration binary_wrapper -> org.hibernate.type.BasicTypeReference@4584304
2024-04-29T20:51:28.619-04:00 DEBUG 12448 --- [atenciones_medicas] [           main] org.hibernate.type.BasicTypeRegistry     : Adding type registration wrapper-binary -> org.hibernate.type.BasicTypeReference@4584304
2024-04-29T20:51:28.619-04:00 DEBUG 12448 --- [atenciones_medicas] [           main] org.hibernate.type.BasicTypeRegistry     : Adding type registration image -> org.hibernate.type.BasicTypeReference@51888019
2024-04-29T20:51:28.619-04:00 DEBUG 12448 --- [atenciones_medicas] [           main] org.hibernate.type.BasicTypeRegistry     : Adding type registration blob -> org.hibernate.type.BasicTypeReference@6f50d55c
2024-04-29T20:51:28.619-04:00 DEBUG 12448 --- [atenciones_medicas] [           main] org.hibernate.type.BasicTypeRegistry     : Adding type registration java.sql.Blob -> org.hibernate.type.BasicTypeReference@6f50d55c
2024-04-29T20:51:28.619-04:00 DEBUG 12448 --- [atenciones_medicas] [           main] org.hibernate.type.BasicTypeRegistry     : Adding type registration materialized_blob -> org.hibernate.type.BasicTypeReference@19b5214b
2024-04-29T20:51:28.619-04:00 DEBUG 12448 --- [atenciones_medicas] [           main] org.hibernate.type.BasicTypeRegistry     : Adding type registration materialized_blob_wrapper -> org.hibernate.type.BasicTypeReference@5fb3111a
2024-04-29T20:51:28.619-04:00 DEBUG 12448 --- [atenciones_medicas] [           main] org.hibernate.type.BasicTypeRegistry     : Adding type registration short -> org.hibernate.type.BasicTypeReference@4aaecabd
2024-04-29T20:51:28.620-04:00 DEBUG 12448 --- [atenciones_medicas] [           main] org.hibernate.type.BasicTypeRegistry     : Adding type registration short -> org.hibernate.type.BasicTypeReference@4aaecabd
2024-04-29T20:51:28.620-04:00 DEBUG 12448 --- [atenciones_medicas] [           main] org.hibernate.type.BasicTypeRegistry     : Adding type registration java.lang.Short -> org.hibernate.type.BasicTypeReference@4aaecabd
2024-04-29T20:51:28.620-04:00 DEBUG 12448 --- [atenciones_medicas] [           main] org.hibernate.type.BasicTypeRegistry     : Adding type registration integer -> org.hibernate.type.BasicTypeReference@23bd0c81
2024-04-29T20:51:28.620-04:00 DEBUG 12448 --- [atenciones_medicas] [           main] org.hibernate.type.BasicTypeRegistry     : Adding type registration int -> org.hibernate.type.BasicTypeReference@23bd0c81
2024-04-29T20:51:28.620-04:00 DEBUG 12448 --- [atenciones_medicas] [           main] org.hibernate.type.BasicTypeRegistry     : Adding type registration java.lang.Integer -> org.hibernate.type.BasicTypeReference@23bd0c81
2024-04-29T20:51:28.620-04:00 DEBUG 12448 --- [atenciones_medicas] [           main] org.hibernate.type.BasicTypeRegistry     : Adding type registration long -> org.hibernate.type.BasicTypeReference@1332dec4
2024-04-29T20:51:28.620-04:00 DEBUG 12448 --- [atenciones_medicas] [           main] org.hibernate.type.BasicTypeRegistry     : Adding type registration long -> org.hibernate.type.BasicTypeReference@1332dec4
2024-04-29T20:51:28.620-04:00 DEBUG 12448 --- [atenciones_medicas] [           main] org.hibernate.type.BasicTypeRegistry     : Adding type registration java.lang.Long -> org.hibernate.type.BasicTypeReference@1332dec4
2024-04-29T20:51:28.620-04:00 DEBUG 12448 --- [atenciones_medicas] [           main] org.hibernate.type.BasicTypeRegistry     : Adding type registration float -> org.hibernate.type.BasicTypeReference@544e3679
2024-04-29T20:51:28.620-04:00 DEBUG 12448 --- [atenciones_medicas] [           main] org.hibernate.type.BasicTypeRegistry     : Adding type registration float -> org.hibernate.type.BasicTypeReference@544e3679
2024-04-29T20:51:28.620-04:00 DEBUG 12448 --- [atenciones_medicas] [           main] org.hibernate.type.BasicTypeRegistry     : Adding type registration java.lang.Float -> org.hibernate.type.BasicTypeReference@544e3679
2024-04-29T20:51:28.620-04:00 DEBUG 12448 --- [atenciones_medicas] [           main] org.hibernate.type.BasicTypeRegistry     : Adding type registration double -> org.hibernate.type.BasicTypeReference@6889f56f
2024-04-29T20:51:28.621-04:00 DEBUG 12448 --- [atenciones_medicas] [           main] org.hibernate.type.BasicTypeRegistry     : Adding type registration double -> org.hibernate.type.BasicTypeReference@6889f56f
2024-04-29T20:51:28.621-04:00 DEBUG 12448 --- [atenciones_medicas] [           main] org.hibernate.type.BasicTypeRegistry     : Adding type registration java.lang.Double -> org.hibernate.type.BasicTypeReference@6889f56f
2024-04-29T20:51:28.621-04:00 DEBUG 12448 --- [atenciones_medicas] [           main] org.hibernate.type.BasicTypeRegistry     : Adding type registration big_integer -> org.hibernate.type.BasicTypeReference@231b35fb
2024-04-29T20:51:28.621-04:00 DEBUG 12448 --- [atenciones_medicas] [           main] org.hibernate.type.BasicTypeRegistry     : Adding type registration java.math.BigInteger -> org.hibernate.type.BasicTypeReference@231b35fb
2024-04-29T20:51:28.621-04:00 DEBUG 12448 --- [atenciones_medicas] [           main] org.hibernate.type.BasicTypeRegistry     : Adding type registration big_decimal -> org.hibernate.type.BasicTypeReference@26da1ba2
2024-04-29T20:51:28.621-04:00 DEBUG 12448 --- [atenciones_medicas] [           main] org.hibernate.type.BasicTypeRegistry     : Adding type registration java.math.BigDecimal -> org.hibernate.type.BasicTypeReference@26da1ba2
2024-04-29T20:51:28.621-04:00 DEBUG 12448 --- [atenciones_medicas] [           main] org.hibernate.type.BasicTypeRegistry     : Adding type registration character -> org.hibernate.type.BasicTypeReference@3820cfe
2024-04-29T20:51:28.621-04:00 DEBUG 12448 --- [atenciones_medicas] [           main] org.hibernate.type.BasicTypeRegistry     : Adding type registration char -> org.hibernate.type.BasicTypeReference@3820cfe
2024-04-29T20:51:28.621-04:00 DEBUG 12448 --- [atenciones_medicas] [           main] org.hibernate.type.BasicTypeRegistry     : Adding type registration java.lang.Character -> org.hibernate.type.BasicTypeReference@3820cfe
2024-04-29T20:51:28.622-04:00 DEBUG 12448 --- [atenciones_medicas] [           main] org.hibernate.type.BasicTypeRegistry     : Adding type registration character_nchar -> org.hibernate.type.BasicTypeReference@2407a36c
2024-04-29T20:51:28.622-04:00 DEBUG 12448 --- [atenciones_medicas] [           main] org.hibernate.type.BasicTypeRegistry     : Adding type registration string -> org.hibernate.type.BasicTypeReference@5ec9eefa
2024-04-29T20:51:28.622-04:00 DEBUG 12448 --- [atenciones_medicas] [           main] org.hibernate.type.BasicTypeRegistry     : Adding type registration java.lang.String -> org.hibernate.type.BasicTypeReference@5ec9eefa
2024-04-29T20:51:28.622-04:00 DEBUG 12448 --- [atenciones_medicas] [           main] org.hibernate.type.BasicTypeRegistry     : Adding type registration nstring -> org.hibernate.type.BasicTypeReference@28b8f98a
2024-04-29T20:51:28.622-04:00 DEBUG 12448 --- [atenciones_medicas] [           main] org.hibernate.type.BasicTypeRegistry     : Adding type registration characters -> org.hibernate.type.BasicTypeReference@3b4ef59f
2024-04-29T20:51:28.622-04:00 DEBUG 12448 --- [atenciones_medicas] [           main] org.hibernate.type.BasicTypeRegistry     : Adding type registration char[] -> org.hibernate.type.BasicTypeReference@3b4ef59f
2024-04-29T20:51:28.622-04:00 DEBUG 12448 --- [atenciones_medicas] [           main] org.hibernate.type.BasicTypeRegistry     : Adding type registration [C -> org.hibernate.type.BasicTypeReference@3b4ef59f
2024-04-29T20:51:28.622-04:00 DEBUG 12448 --- [atenciones_medicas] [           main] org.hibernate.type.BasicTypeRegistry     : Adding type registration wrapper-characters -> org.hibernate.type.BasicTypeReference@22cb3d59
2024-04-29T20:51:28.622-04:00 DEBUG 12448 --- [atenciones_medicas] [           main] org.hibernate.type.BasicTypeRegistry     : Adding type registration text -> org.hibernate.type.BasicTypeReference@33e4b9c4
2024-04-29T20:51:28.622-04:00 DEBUG 12448 --- [atenciones_medicas] [           main] org.hibernate.type.BasicTypeRegistry     : Adding type registration ntext -> org.hibernate.type.BasicTypeReference@5cff729b
2024-04-29T20:51:28.623-04:00 DEBUG 12448 --- [atenciones_medicas] [           main] org.hibernate.type.BasicTypeRegistry     : Adding type registration clob -> org.hibernate.type.BasicTypeReference@10d18696
2024-04-29T20:51:28.623-04:00 DEBUG 12448 --- [atenciones_medicas] [           main] org.hibernate.type.BasicTypeRegistry     : Adding type registration java.sql.Clob -> org.hibernate.type.BasicTypeReference@10d18696
2024-04-29T20:51:28.623-04:00 DEBUG 12448 --- [atenciones_medicas] [           main] org.hibernate.type.BasicTypeRegistry     : Adding type registration nclob -> org.hibernate.type.BasicTypeReference@6b8b5020
2024-04-29T20:51:28.623-04:00 DEBUG 12448 --- [atenciones_medicas] [           main] org.hibernate.type.BasicTypeRegistry     : Adding type registration java.sql.NClob -> org.hibernate.type.BasicTypeReference@6b8b5020
2024-04-29T20:51:28.623-04:00 DEBUG 12448 --- [atenciones_medicas] [           main] org.hibernate.type.BasicTypeRegistry     : Adding type registration materialized_clob -> org.hibernate.type.BasicTypeReference@7d37ee0c
2024-04-29T20:51:28.623-04:00 DEBUG 12448 --- [atenciones_medicas] [           main] org.hibernate.type.BasicTypeRegistry     : Adding type registration materialized_clob_char_array -> org.hibernate.type.BasicTypeReference@5a7b309b
2024-04-29T20:51:28.623-04:00 DEBUG 12448 --- [atenciones_medicas] [           main] org.hibernate.type.BasicTypeRegistry     : Adding type registration materialized_clob_character_array -> org.hibernate.type.BasicTypeReference@4602f874
2024-04-29T20:51:28.623-04:00 DEBUG 12448 --- [atenciones_medicas] [           main] org.hibernate.type.BasicTypeRegistry     : Adding type registration materialized_nclob -> org.hibernate.type.BasicTypeReference@7739aac4
2024-04-29T20:51:28.623-04:00 DEBUG 12448 --- [atenciones_medicas] [           main] org.hibernate.type.BasicTypeRegistry     : Adding type registration materialized_nclob_character_array -> org.hibernate.type.BasicTypeReference@353c6da1
2024-04-29T20:51:28.623-04:00 DEBUG 12448 --- [atenciones_medicas] [           main] org.hibernate.type.BasicTypeRegistry     : Adding type registration materialized_nclob_char_array -> org.hibernate.type.BasicTypeReference@36c07c75
2024-04-29T20:51:28.623-04:00 DEBUG 12448 --- [atenciones_medicas] [           main] org.hibernate.type.BasicTypeRegistry     : Adding type registration Duration -> org.hibernate.type.BasicTypeReference@6750e381
2024-04-29T20:51:28.624-04:00 DEBUG 12448 --- [atenciones_medicas] [           main] org.hibernate.type.BasicTypeRegistry     : Adding type registration java.time.Duration -> org.hibernate.type.BasicTypeReference@6750e381
2024-04-29T20:51:28.624-04:00 DEBUG 12448 --- [atenciones_medicas] [           main] org.hibernate.type.BasicTypeRegistry     : Adding type registration LocalDateTime -> org.hibernate.type.BasicTypeReference@5d850a25
2024-04-29T20:51:28.624-04:00 DEBUG 12448 --- [atenciones_medicas] [           main] org.hibernate.type.BasicTypeRegistry     : Adding type registration java.time.LocalDateTime -> org.hibernate.type.BasicTypeReference@5d850a25
2024-04-29T20:51:28.624-04:00 DEBUG 12448 --- [atenciones_medicas] [           main] org.hibernate.type.BasicTypeRegistry     : Adding type registration LocalDate -> org.hibernate.type.BasicTypeReference@b022551
2024-04-29T20:51:28.624-04:00 DEBUG 12448 --- [atenciones_medicas] [           main] org.hibernate.type.BasicTypeRegistry     : Adding type registration java.time.LocalDate -> org.hibernate.type.BasicTypeReference@b022551
2024-04-29T20:51:28.624-04:00 DEBUG 12448 --- [atenciones_medicas] [           main] org.hibernate.type.BasicTypeRegistry     : Adding type registration LocalTime -> org.hibernate.type.BasicTypeReference@3e14d390
2024-04-29T20:51:28.624-04:00 DEBUG 12448 --- [atenciones_medicas] [           main] org.hibernate.type.BasicTypeRegistry     : Adding type registration java.time.LocalTime -> org.hibernate.type.BasicTypeReference@3e14d390
2024-04-29T20:51:28.624-04:00 DEBUG 12448 --- [atenciones_medicas] [           main] org.hibernate.type.BasicTypeRegistry     : Adding type registration OffsetDateTime -> org.hibernate.type.BasicTypeReference@5eb87338
2024-04-29T20:51:28.624-04:00 DEBUG 12448 --- [atenciones_medicas] [           main] org.hibernate.type.BasicTypeRegistry     : Adding type registration java.time.OffsetDateTime -> org.hibernate.type.BasicTypeReference@5eb87338
2024-04-29T20:51:28.624-04:00 DEBUG 12448 --- [atenciones_medicas] [           main] org.hibernate.type.BasicTypeRegistry     : Adding type registration OffsetDateTimeWithTimezone -> org.hibernate.type.BasicTypeReference@2b999ee8
2024-04-29T20:51:28.624-04:00 DEBUG 12448 --- [atenciones_medicas] [           main] org.hibernate.type.BasicTypeRegistry     : Adding type registration OffsetDateTimeWithoutTimezone -> org.hibernate.type.BasicTypeReference@31ab1e67
2024-04-29T20:51:28.625-04:00 DEBUG 12448 --- [atenciones_medicas] [           main] org.hibernate.type.BasicTypeRegistry     : Adding type registration OffsetTime -> org.hibernate.type.BasicTypeReference@29bbc391
2024-04-29T20:51:28.625-04:00 DEBUG 12448 --- [atenciones_medicas] [           main] org.hibernate.type.BasicTypeRegistry     : Adding type registration java.time.OffsetTime -> org.hibernate.type.BasicTypeReference@29bbc391
2024-04-29T20:51:28.625-04:00 DEBUG 12448 --- [atenciones_medicas] [           main] org.hibernate.type.BasicTypeRegistry     : Adding type registration OffsetTimeUtc -> org.hibernate.type.BasicTypeReference@3487442d
2024-04-29T20:51:28.625-04:00 DEBUG 12448 --- [atenciones_medicas] [           main] org.hibernate.type.BasicTypeRegistry     : Adding type registration OffsetTimeWithTimezone -> org.hibernate.type.BasicTypeReference@530ee28b
2024-04-29T20:51:28.625-04:00 DEBUG 12448 --- [atenciones_medicas] [           main] org.hibernate.type.BasicTypeRegistry     : Adding type registration OffsetTimeWithoutTimezone -> org.hibernate.type.BasicTypeReference@3a3f96ab
2024-04-29T20:51:28.625-04:00 DEBUG 12448 --- [atenciones_medicas] [           main] org.hibernate.type.BasicTypeRegistry     : Adding type registration ZonedDateTime -> org.hibernate.type.BasicTypeReference@4def7d36
2024-04-29T20:51:28.625-04:00 DEBUG 12448 --- [atenciones_medicas] [           main] org.hibernate.type.BasicTypeRegistry     : Adding type registration java.time.ZonedDateTime -> org.hibernate.type.BasicTypeReference@4def7d36
2024-04-29T20:51:28.625-04:00 DEBUG 12448 --- [atenciones_medicas] [           main] org.hibernate.type.BasicTypeRegistry     : Adding type registration ZonedDateTimeWithTimezone -> org.hibernate.type.BasicTypeReference@43c7fe8a
2024-04-29T20:51:28.625-04:00 DEBUG 12448 --- [atenciones_medicas] [           main] org.hibernate.type.BasicTypeRegistry     : Adding type registration ZonedDateTimeWithoutTimezone -> org.hibernate.type.BasicTypeReference@67f946c3
2024-04-29T20:51:28.625-04:00 DEBUG 12448 --- [atenciones_medicas] [           main] org.hibernate.type.BasicTypeRegistry     : Adding type registration date -> org.hibernate.type.BasicTypeReference@21b51e59
2024-04-29T20:51:28.625-04:00 DEBUG 12448 --- [atenciones_medicas] [           main] org.hibernate.type.BasicTypeRegistry     : Adding type registration java.sql.Date -> org.hibernate.type.BasicTypeReference@21b51e59
2024-04-29T20:51:28.626-04:00 DEBUG 12448 --- [atenciones_medicas] [           main] org.hibernate.type.BasicTypeRegistry     : Adding type registration time -> org.hibernate.type.BasicTypeReference@1785d194
2024-04-29T20:51:28.626-04:00 DEBUG 12448 --- [atenciones_medicas] [           main] org.hibernate.type.BasicTypeRegistry     : Adding type registration java.sql.Time -> org.hibernate.type.BasicTypeReference@1785d194
2024-04-29T20:51:28.626-04:00 DEBUG 12448 --- [atenciones_medicas] [           main] org.hibernate.type.BasicTypeRegistry     : Adding type registration timestamp -> org.hibernate.type.BasicTypeReference@6b4a4e40
2024-04-29T20:51:28.626-04:00 DEBUG 12448 --- [atenciones_medicas] [           main] org.hibernate.type.BasicTypeRegistry     : Adding type registration java.sql.Timestamp -> org.hibernate.type.BasicTypeReference@6b4a4e40
2024-04-29T20:51:28.626-04:00 DEBUG 12448 --- [atenciones_medicas] [           main] org.hibernate.type.BasicTypeRegistry     : Adding type registration java.util.Date -> org.hibernate.type.BasicTypeReference@6b4a4e40
2024-04-29T20:51:28.626-04:00 DEBUG 12448 --- [atenciones_medicas] [           main] org.hibernate.type.BasicTypeRegistry     : Adding type registration calendar -> org.hibernate.type.BasicTypeReference@46a8c2b4
2024-04-29T20:51:28.626-04:00 DEBUG 12448 --- [atenciones_medicas] [           main] org.hibernate.type.BasicTypeRegistry     : Adding type registration java.util.Calendar -> org.hibernate.type.BasicTypeReference@46a8c2b4
2024-04-29T20:51:28.626-04:00 DEBUG 12448 --- [atenciones_medicas] [           main] org.hibernate.type.BasicTypeRegistry     : Adding type registration java.util.GregorianCalendar -> org.hibernate.type.BasicTypeReference@46a8c2b4
2024-04-29T20:51:28.627-04:00 DEBUG 12448 --- [atenciones_medicas] [           main] org.hibernate.type.BasicTypeRegistry     : Adding type registration calendar_date -> org.hibernate.type.BasicTypeReference@4f664bee
2024-04-29T20:51:28.627-04:00 DEBUG 12448 --- [atenciones_medicas] [           main] org.hibernate.type.BasicTypeRegistry     : Adding type registration calendar_time -> org.hibernate.type.BasicTypeReference@4fd74223
2024-04-29T20:51:28.627-04:00 DEBUG 12448 --- [atenciones_medicas] [           main] org.hibernate.type.BasicTypeRegistry     : Adding type registration instant -> org.hibernate.type.BasicTypeReference@4fea840f
2024-04-29T20:51:28.628-04:00 DEBUG 12448 --- [atenciones_medicas] [           main] org.hibernate.type.BasicTypeRegistry     : Adding type registration java.time.Instant -> org.hibernate.type.BasicTypeReference@4fea840f
2024-04-29T20:51:28.628-04:00 DEBUG 12448 --- [atenciones_medicas] [           main] org.hibernate.type.BasicTypeRegistry     : Adding type registration uuid -> org.hibernate.type.BasicTypeReference@32ae8f27
2024-04-29T20:51:28.628-04:00 DEBUG 12448 --- [atenciones_medicas] [           main] org.hibernate.type.BasicTypeRegistry     : Adding type registration java.util.UUID -> org.hibernate.type.BasicTypeReference@32ae8f27
2024-04-29T20:51:28.628-04:00 DEBUG 12448 --- [atenciones_medicas] [           main] org.hibernate.type.BasicTypeRegistry     : Adding type registration pg-uuid -> org.hibernate.type.BasicTypeReference@32ae8f27
2024-04-29T20:51:28.628-04:00 DEBUG 12448 --- [atenciones_medicas] [           main] org.hibernate.type.BasicTypeRegistry     : Adding type registration uuid-binary -> org.hibernate.type.BasicTypeReference@75e80a97
2024-04-29T20:51:28.628-04:00 DEBUG 12448 --- [atenciones_medicas] [           main] org.hibernate.type.BasicTypeRegistry     : Adding type registration uuid-char -> org.hibernate.type.BasicTypeReference@5b8853
2024-04-29T20:51:28.628-04:00 DEBUG 12448 --- [atenciones_medicas] [           main] org.hibernate.type.BasicTypeRegistry     : Adding type registration class -> org.hibernate.type.BasicTypeReference@1b8aaeab
2024-04-29T20:51:28.628-04:00 DEBUG 12448 --- [atenciones_medicas] [           main] org.hibernate.type.BasicTypeRegistry     : Adding type registration java.lang.Class -> org.hibernate.type.BasicTypeReference@1b8aaeab
2024-04-29T20:51:28.628-04:00 DEBUG 12448 --- [atenciones_medicas] [           main] org.hibernate.type.BasicTypeRegistry     : Adding type registration currency -> org.hibernate.type.BasicTypeReference@5d1bdd4a
2024-04-29T20:51:28.628-04:00 DEBUG 12448 --- [atenciones_medicas] [           main] org.hibernate.type.BasicTypeRegistry     : Adding type registration Currency -> org.hibernate.type.BasicTypeReference@5d1bdd4a
2024-04-29T20:51:28.628-04:00 DEBUG 12448 --- [atenciones_medicas] [           main] org.hibernate.type.BasicTypeRegistry     : Adding type registration java.util.Currency -> org.hibernate.type.BasicTypeReference@5d1bdd4a
2024-04-29T20:51:28.629-04:00 DEBUG 12448 --- [atenciones_medicas] [           main] org.hibernate.type.BasicTypeRegistry     : Adding type registration locale -> org.hibernate.type.BasicTypeReference@6812c8cc
2024-04-29T20:51:28.629-04:00 DEBUG 12448 --- [atenciones_medicas] [           main] org.hibernate.type.BasicTypeRegistry     : Adding type registration java.util.Locale -> org.hibernate.type.BasicTypeReference@6812c8cc
2024-04-29T20:51:28.629-04:00 DEBUG 12448 --- [atenciones_medicas] [           main] org.hibernate.type.BasicTypeRegistry     : Adding type registration serializable -> org.hibernate.type.BasicTypeReference@3457cc8d
2024-04-29T20:51:28.629-04:00 DEBUG 12448 --- [atenciones_medicas] [           main] org.hibernate.type.BasicTypeRegistry     : Adding type registration java.io.Serializable -> org.hibernate.type.BasicTypeReference@3457cc8d
2024-04-29T20:51:28.629-04:00 DEBUG 12448 --- [atenciones_medicas] [           main] org.hibernate.type.BasicTypeRegistry     : Adding type registration timezone -> org.hibernate.type.BasicTypeReference@7a66c35a
2024-04-29T20:51:28.629-04:00 DEBUG 12448 --- [atenciones_medicas] [           main] org.hibernate.type.BasicTypeRegistry     : Adding type registration java.util.TimeZone -> org.hibernate.type.BasicTypeReference@7a66c35a
2024-04-29T20:51:28.629-04:00 DEBUG 12448 --- [atenciones_medicas] [           main] org.hibernate.type.BasicTypeRegistry     : Adding type registration ZoneOffset -> org.hibernate.type.BasicTypeReference@7994a0d1
2024-04-29T20:51:28.629-04:00 DEBUG 12448 --- [atenciones_medicas] [           main] org.hibernate.type.BasicTypeRegistry     : Adding type registration java.time.ZoneOffset -> org.hibernate.type.BasicTypeReference@7994a0d1
2024-04-29T20:51:28.629-04:00 DEBUG 12448 --- [atenciones_medicas] [           main] org.hibernate.type.BasicTypeRegistry     : Adding type registration url -> org.hibernate.type.BasicTypeReference@73e4387
2024-04-29T20:51:28.629-04:00 DEBUG 12448 --- [atenciones_medicas] [           main] org.hibernate.type.BasicTypeRegistry     : Adding type registration java.net.URL -> org.hibernate.type.BasicTypeReference@73e4387
2024-04-29T20:51:28.629-04:00 DEBUG 12448 --- [atenciones_medicas] [           main] org.hibernate.type.BasicTypeRegistry     : Adding type registration vector -> org.hibernate.type.BasicTypeReference@d87d449
2024-04-29T20:51:28.629-04:00 DEBUG 12448 --- [atenciones_medicas] [           main] org.hibernate.type.BasicTypeRegistry     : Adding type registration row_version -> org.hibernate.type.BasicTypeReference@4137aab0
2024-04-29T20:51:28.637-04:00 DEBUG 12448 --- [atenciones_medicas] [           main] org.hibernate.type.BasicTypeRegistry     : Adding type registration object -> org.hibernate.type.JavaObjectType@4cc12db2
2024-04-29T20:51:28.637-04:00 DEBUG 12448 --- [atenciones_medicas] [           main] org.hibernate.type.BasicTypeRegistry     : Adding type registration java.lang.Object -> org.hibernate.type.JavaObjectType@4cc12db2
2024-04-29T20:51:28.638-04:00 DEBUG 12448 --- [atenciones_medicas] [           main] org.hibernate.type.BasicTypeRegistry     : Adding type registration null -> org.hibernate.type.NullType@2cccf134
2024-04-29T20:51:28.639-04:00 DEBUG 12448 --- [atenciones_medicas] [           main] org.hibernate.type.BasicTypeRegistry     : Adding type registration imm_date -> org.hibernate.type.BasicTypeReference@3c18942
2024-04-29T20:51:28.639-04:00 DEBUG 12448 --- [atenciones_medicas] [           main] org.hibernate.type.BasicTypeRegistry     : Adding type registration imm_time -> org.hibernate.type.BasicTypeReference@743c3520
2024-04-29T20:51:28.639-04:00 DEBUG 12448 --- [atenciones_medicas] [           main] org.hibernate.type.BasicTypeRegistry     : Adding type registration imm_timestamp -> org.hibernate.type.BasicTypeReference@6842c101
2024-04-29T20:51:28.639-04:00 DEBUG 12448 --- [atenciones_medicas] [           main] org.hibernate.type.BasicTypeRegistry     : Adding type registration imm_calendar -> org.hibernate.type.BasicTypeReference@234cd86c
2024-04-29T20:51:28.639-04:00 DEBUG 12448 --- [atenciones_medicas] [           main] org.hibernate.type.BasicTypeRegistry     : Adding type registration imm_calendar_date -> org.hibernate.type.BasicTypeReference@2c48cede
2024-04-29T20:51:28.639-04:00 DEBUG 12448 --- [atenciones_medicas] [           main] org.hibernate.type.BasicTypeRegistry     : Adding type registration imm_calendar_time -> org.hibernate.type.BasicTypeReference@39c87b42
2024-04-29T20:51:28.639-04:00 DEBUG 12448 --- [atenciones_medicas] [           main] org.hibernate.type.BasicTypeRegistry     : Adding type registration imm_binary -> org.hibernate.type.BasicTypeReference@47fcefb3
2024-04-29T20:51:28.639-04:00 DEBUG 12448 --- [atenciones_medicas] [           main] org.hibernate.type.BasicTypeRegistry     : Adding type registration imm_serializable -> org.hibernate.type.BasicTypeReference@236c098
2024-04-29T20:51:28.646-04:00 DEBUG 12448 --- [atenciones_medicas] [           main] o.h.boot.internal.BootstrapContextImpl   : Injecting JPA temp ClassLoader [org.springframework.instrument.classloading.SimpleThrowawayClassLoader@64279ab] into BootstrapContext; was [null]
2024-04-29T20:51:28.647-04:00 DEBUG 12448 --- [atenciones_medicas] [           main] o.h.boot.internal.ClassLoaderAccessImpl  : ClassLoaderAccessImpl#injectTempClassLoader(org.springframework.instrument.classloading.SimpleThrowawayClassLoader@64279ab) [was null]
2024-04-29T20:51:28.649-04:00 DEBUG 12448 --- [atenciones_medicas] [           main] o.h.boot.internal.BootstrapContextImpl   : Injecting ScanEnvironment [org.hibernate.jpa.boot.internal.StandardJpaScanEnvironmentImpl@2484dbb7] into BootstrapContext; was [null]
2024-04-29T20:51:28.649-04:00 DEBUG 12448 --- [atenciones_medicas] [           main] o.h.boot.internal.BootstrapContextImpl   : Injecting ScanOptions [org.hibernate.boot.archive.scan.internal.StandardScanOptions@111cba40] into BootstrapContext; was [org.hibernate.boot.archive.scan.internal.StandardScanOptions@48e41b5d]
2024-04-29T20:51:28.971-04:00  INFO 12448 --- [atenciones_medicas] [           main] o.s.o.j.p.SpringPersistenceUnitInfo      : No LoadTimeWeaver setup: ignoring JPA class transformer
2024-04-29T20:51:28.971-04:00 DEBUG 12448 --- [atenciones_medicas] [           main] o.h.boot.internal.BootstrapContextImpl   : Injecting JPA temp ClassLoader [null] into BootstrapContext; was [org.springframework.instrument.classloading.SimpleThrowawayClassLoader@64279ab]
2024-04-29T20:51:28.971-04:00 DEBUG 12448 --- [atenciones_medicas] [           main] o.h.boot.internal.ClassLoaderAccessImpl  : ClassLoaderAccessImpl#injectTempClassLoader(null) [was org.springframework.instrument.classloading.SimpleThrowawayClassLoader@64279ab]
2024-04-29T20:51:29.026-04:00  INFO 12448 --- [atenciones_medicas] [           main] com.zaxxer.hikari.HikariDataSource       : HikariPool-1 - Starting...
2024-04-29T20:51:29.033-04:00  WARN 12448 --- [atenciones_medicas] [           main] c.zaxxer.hikari.util.DriverDataSource    : Registered driver with driverClassName=oracle.jdbc.driver.OracleDriver was not found, trying direct instantiation.
2024-04-29T20:51:30.299-04:00  INFO 12448 --- [atenciones_medicas] [           main] com.zaxxer.hikari.pool.HikariPool        : HikariPool-1 - Added connection oracle.jdbc.driver.T4CConnection@79ad1774
2024-04-29T20:51:30.302-04:00  INFO 12448 --- [atenciones_medicas] [           main] com.zaxxer.hikari.HikariDataSource       : HikariPool-1 - Start completed.
2024-04-29T20:51:30.307-04:00 DEBUG 12448 --- [atenciones_medicas] [           main] o.h.e.j.e.i.JdbcEnvironmentInitiator     : Database ->
       name : Oracle
    version : Oracle Database 19c Enterprise Edition Release 19.0.0.0.0 - Production
Version 19.23.0.1.0
      major : 19
      minor : 0
2024-04-29T20:51:30.308-04:00 DEBUG 12448 --- [atenciones_medicas] [           main] o.h.e.j.e.i.JdbcEnvironmentInitiator     : Driver ->
       name : Oracle JDBC driver
    version : 21.9.0.0.0
      major : 21
      minor : 9
2024-04-29T20:51:30.308-04:00 DEBUG 12448 --- [atenciones_medicas] [           main] o.h.e.j.e.i.JdbcEnvironmentInitiator     : JDBC version : 4.3
2024-04-29T20:51:30.546-04:00  WARN 12448 --- [atenciones_medicas] [           main] org.hibernate.orm.deprecation            : HHH90000025: OracleDialect does not need to be specified explicitly using 'hibernate.dialect' (remove the property setting and it will be selected by default)
2024-04-29T20:51:30.548-04:00 DEBUG 12448 --- [atenciones_medicas] [           main] org.hibernate.orm.dialect                : HHH035001: Using dialect: org.hibernate.dialect.OracleDialect, version: 19.0
2024-04-29T20:51:30.631-04:00 DEBUG 12448 --- [atenciones_medicas] [           main] o.h.t.d.jdbc.spi.JdbcTypeRegistry        : addDescriptor(NCharTypeDescriptor) replaced previous registration(CharTypeDescriptor)
2024-04-29T20:51:30.632-04:00 DEBUG 12448 --- [atenciones_medicas] [           main] o.h.t.d.jdbc.spi.JdbcTypeRegistry        : addDescriptor(NVarcharTypeDescriptor) replaced previous registration(VarcharTypeDescriptor)
2024-04-29T20:51:30.632-04:00 DEBUG 12448 --- [atenciones_medicas] [           main] o.h.t.d.jdbc.spi.JdbcTypeRegistry        : addDescriptor(LongNVarcharTypeDescriptor) replaced previous registration(LongVarcharTypeDescriptor)
2024-04-29T20:51:30.635-04:00 DEBUG 12448 --- [atenciones_medicas] [           main] o.h.t.d.jdbc.spi.JdbcTypeRegistry        : addDescriptor(NClobTypeDescriptor(DEFAULT)) replaced previous registration(ClobTypeDescriptor(DEFAULT))
2024-04-29T20:51:30.635-04:00 DEBUG 12448 --- [atenciones_medicas] [           main] o.h.t.d.jdbc.spi.JdbcTypeRegistry        : addDescriptor(2005, ClobTypeDescriptor(STREAM_BINDING)) replaced previous registration(ClobTypeDescriptor(DEFAULT))
2024-04-29T20:51:30.636-04:00 DEBUG 12448 --- [atenciones_medicas] [           main] o.h.t.d.jdbc.spi.JdbcTypeRegistry        : addDescriptor(BooleanTypeDescriptor) replaced previous registration(BooleanTypeDescriptor)
2024-04-29T20:51:30.649-04:00 DEBUG 12448 --- [atenciones_medicas] [           main] org.hibernate.type.BasicTypeRegistry     : Adding type registration null -> org.hibernate.type.NullType@24dc150c
2024-04-29T20:51:30.650-04:00 DEBUG 12448 --- [atenciones_medicas] [           main] org.hibernate.type.BasicTypeRegistry     : Type registration key [null] overrode previous entry : `org.hibernate.type.NullType@2cccf134`
2024-04-29T20:51:30.650-04:00 DEBUG 12448 --- [atenciones_medicas] [           main] org.hibernate.type.BasicTypeRegistry     : Adding type registration JAVA_OBJECT -> org.hibernate.type.JavaObjectType@361f26b4
2024-04-29T20:51:30.651-04:00 DEBUG 12448 --- [atenciones_medicas] [           main] org.hibernate.type.BasicTypeRegistry     : Adding type registration java.lang.Object -> org.hibernate.type.JavaObjectType@361f26b4
2024-04-29T20:51:30.651-04:00 DEBUG 12448 --- [atenciones_medicas] [           main] org.hibernate.type.BasicTypeRegistry     : Type registration key [java.lang.Object] overrode previous entry : `org.hibernate.type.JavaObjectType@4cc12db2`
2024-04-29T20:51:30.655-04:00 DEBUG 12448 --- [atenciones_medicas] [           main] org.hibernate.type.BasicTypeRegistry     : Adding type registration org.hibernate.type.DurationType -> basicType@1(java.time.Duration,3015)
2024-04-29T20:51:30.655-04:00 DEBUG 12448 --- [atenciones_medicas] [           main] org.hibernate.type.BasicTypeRegistry     : Adding type registration Duration -> basicType@1(java.time.Duration,3015)
2024-04-29T20:51:30.655-04:00 DEBUG 12448 --- [atenciones_medicas] [           main] org.hibernate.type.BasicTypeRegistry     : Adding type registration java.time.Duration -> basicType@1(java.time.Duration,3015)
2024-04-29T20:51:30.660-04:00 DEBUG 12448 --- [atenciones_medicas] [           main] o.h.type.spi.TypeConfiguration$Scope     : Scoping TypeConfiguration [org.hibernate.type.spi.TypeConfiguration@5814b4fb] to MetadataBuildingContext [org.hibernate.boot.internal.MetadataBuildingContextRootImpl@3aca2579]
2024-04-29T20:51:30.723-04:00 DEBUG 12448 --- [atenciones_medicas] [           main] o.h.boot.model.relational.Namespace      : Created database namespace [logicalName=Name{catalog=null, schema=null}, physicalName=Name{catalog=null, schema=null}]
2024-04-29T20:51:30.786-04:00 DEBUG 12448 --- [atenciones_medicas] [           main] o.h.boot.model.internal.EntityBinder     : Binding entity from annotated class: com.example.atenciones_medicas.model.AtencionMedica
2024-04-29T20:51:30.804-04:00 DEBUG 12448 --- [atenciones_medicas] [           main] o.h.boot.model.internal.EntityBinder     : Import with entity name AtencionMedica
2024-04-29T20:51:30.821-04:00 DEBUG 12448 --- [atenciones_medicas] [           main] o.h.boot.model.internal.EntityBinder     : Bind entity com.example.atenciones_medicas.model.AtencionMedica on table atencion_medica
2024-04-29T20:51:30.837-04:00 DEBUG 12448 --- [atenciones_medicas] [           main] o.h.boot.model.internal.AnnotatedColumn  : Binding column: AnnotatedDiscriminatorColumn(column='DTYPE')
2024-04-29T20:51:30.861-04:00 DEBUG 12448 --- [atenciones_medicas] [           main] o.h.boot.model.internal.AnnotatedColumn  : Binding column: AnnotatedColumn(column='idam')
2024-04-29T20:51:30.862-04:00 DEBUG 12448 --- [atenciones_medicas] [           main] o.h.boot.internal.ClassLoaderAccessImpl  : Not known whether passed class name [com.example.atenciones_medicas.model.AtencionMedica] is safe
2024-04-29T20:51:30.863-04:00 DEBUG 12448 --- [atenciones_medicas] [           main] o.h.boot.internal.ClassLoaderAccessImpl  : No temp ClassLoader provided; using live ClassLoader for loading potentially unsafe class : com.example.atenciones_medicas.model.AtencionMedica
2024-04-29T20:51:30.868-04:00 DEBUG 12448 --- [atenciones_medicas] [           main] o.h.boot.model.internal.PropertyBinder   : MetadataSourceProcessor property idam with lazy=false
2024-04-29T20:51:30.877-04:00 DEBUG 12448 --- [atenciones_medicas] [           main] o.h.b.m.internal.AbstractPropertyHolder  : Attempting to locate auto-apply AttributeConverter for property [com.example.atenciones_medicas.model.AtencionMedica:idam]
2024-04-29T20:51:30.884-04:00 DEBUG 12448 --- [atenciones_medicas] [           main] o.h.b.model.internal.BasicValueBinder    : building BasicValue for idam
2024-04-29T20:51:30.889-04:00 DEBUG 12448 --- [atenciones_medicas] [           main] org.hibernate.mapping.BasicValue         : Skipping column re-registration: atencion_medica.idam
2024-04-29T20:51:30.892-04:00 DEBUG 12448 --- [atenciones_medicas] [           main] o.h.boot.model.internal.PropertyBinder   : Building property idam
2024-04-29T20:51:30.898-04:00 DEBUG 12448 --- [atenciones_medicas] [           main] o.h.boot.model.internal.BinderHelper     : #makeIdGenerator(BasicValue([Column(idam)]), idam, identity, , ...)
2024-04-29T20:51:30.900-04:00 DEBUG 12448 --- [atenciones_medicas] [           main] o.h.boot.model.internal.AnnotatedColumn  : Binding column: AnnotatedColumn(column='diasnostcoam')
2024-04-29T20:51:30.900-04:00 DEBUG 12448 --- [atenciones_medicas] [           main] o.h.boot.model.internal.PropertyBinder   : MetadataSourceProcessor property diasnostcoam with lazy=false
2024-04-29T20:51:30.900-04:00 DEBUG 12448 --- [atenciones_medicas] [           main] o.h.b.m.internal.AbstractPropertyHolder  : Attempting to locate auto-apply AttributeConverter for property [com.example.atenciones_medicas.model.AtencionMedica:diasnostcoam]
2024-04-29T20:51:30.900-04:00 DEBUG 12448 --- [atenciones_medicas] [           main] o.h.b.model.internal.BasicValueBinder    : building BasicValue for diasnostcoam
2024-04-29T20:51:30.900-04:00 DEBUG 12448 --- [atenciones_medicas] [           main] org.hibernate.mapping.BasicValue         : Skipping column re-registration: atencion_medica.diasnostcoam
2024-04-29T20:51:30.900-04:00 DEBUG 12448 --- [atenciones_medicas] [           main] o.h.boot.model.internal.PropertyBinder   : Building property diasnostcoam
2024-04-29T20:51:30.901-04:00 DEBUG 12448 --- [atenciones_medicas] [           main] o.h.boot.model.internal.AnnotatedColumn  : Binding column: AnnotatedColumn(column='diasreposoam')
2024-04-29T20:51:30.902-04:00 DEBUG 12448 --- [atenciones_medicas] [           main] o.h.boot.model.internal.PropertyBinder   : MetadataSourceProcessor property diasreposoam with lazy=false
2024-04-29T20:51:30.902-04:00 DEBUG 12448 --- [atenciones_medicas] [           main] o.h.b.m.internal.AbstractPropertyHolder  : Attempting to locate auto-apply AttributeConverter for property [com.example.atenciones_medicas.model.AtencionMedica:diasreposoam]
2024-04-29T20:51:30.902-04:00 DEBUG 12448 --- [atenciones_medicas] [           main] o.h.b.model.internal.BasicValueBinder    : building BasicValue for diasreposoam
2024-04-29T20:51:30.902-04:00 DEBUG 12448 --- [atenciones_medicas] [           main] org.hibernate.mapping.BasicValue         : Skipping column re-registration: atencion_medica.diasreposoam
2024-04-29T20:51:30.902-04:00 DEBUG 12448 --- [atenciones_medicas] [           main] o.h.boot.model.internal.PropertyBinder   : Building property diasreposoam
2024-04-29T20:51:30.903-04:00 DEBUG 12448 --- [atenciones_medicas] [           main] o.h.boot.model.internal.AnnotatedColumn  : Binding column: AnnotatedColumn(column='fechaatencionam')
2024-04-29T20:51:30.903-04:00 DEBUG 12448 --- [atenciones_medicas] [           main] o.h.boot.model.internal.PropertyBinder   : MetadataSourceProcessor property fechaAtencionam with lazy=false
2024-04-29T20:51:30.903-04:00 DEBUG 12448 --- [atenciones_medicas] [           main] o.h.b.m.internal.AbstractPropertyHolder  : Attempting to locate auto-apply AttributeConverter for property [com.example.atenciones_medicas.model.AtencionMedica:fechaAtencionam]
2024-04-29T20:51:30.903-04:00 DEBUG 12448 --- [atenciones_medicas] [           main] o.h.b.model.internal.BasicValueBinder    : building BasicValue for fechaAtencionam
2024-04-29T20:51:30.903-04:00 DEBUG 12448 --- [atenciones_medicas] [           main] org.hibernate.mapping.BasicValue         : Skipping column re-registration: atencion_medica.fechaatencionam
2024-04-29T20:51:30.903-04:00 DEBUG 12448 --- [atenciones_medicas] [           main] o.h.boot.model.internal.PropertyBinder   : Building property fechaAtencionam
2024-04-29T20:51:30.904-04:00 DEBUG 12448 --- [atenciones_medicas] [           main] o.h.boot.model.internal.AnnotatedColumn  : Binding column: AnnotatedColumn(column='idpa')
2024-04-29T20:51:30.904-04:00 DEBUG 12448 --- [atenciones_medicas] [           main] o.h.boot.model.internal.PropertyBinder   : MetadataSourceProcessor property idpa with lazy=false
2024-04-29T20:51:30.904-04:00 DEBUG 12448 --- [atenciones_medicas] [           main] o.h.b.m.internal.AbstractPropertyHolder  : Attempting to locate auto-apply AttributeConverter for property [com.example.atenciones_medicas.model.AtencionMedica:idpa]
2024-04-29T20:51:30.905-04:00 DEBUG 12448 --- [atenciones_medicas] [           main] o.h.b.model.internal.BasicValueBinder    : building BasicValue for idpa
2024-04-29T20:51:30.905-04:00 DEBUG 12448 --- [atenciones_medicas] [           main] org.hibernate.mapping.BasicValue         : Skipping column re-registration: atencion_medica.idpa
2024-04-29T20:51:30.905-04:00 DEBUG 12448 --- [atenciones_medicas] [           main] o.h.boot.model.internal.PropertyBinder   : Building property idpa
2024-04-29T20:51:30.908-04:00 DEBUG 12448 --- [atenciones_medicas] [           main] o.h.boot.model.internal.AnnotatedColumn  : Binding column: AnnotatedColumn(column='reposoam')
2024-04-29T20:51:30.910-04:00 DEBUG 12448 --- [atenciones_medicas] [           main] o.h.boot.model.internal.PropertyBinder   : MetadataSourceProcessor property reposoam with lazy=false
2024-04-29T20:51:30.910-04:00 DEBUG 12448 --- [atenciones_medicas] [           main] o.h.b.m.internal.AbstractPropertyHolder  : Attempting to locate auto-apply AttributeConverter for property [com.example.atenciones_medicas.model.AtencionMedica:reposoam]
2024-04-29T20:51:30.910-04:00 DEBUG 12448 --- [atenciones_medicas] [           main] o.h.b.model.internal.BasicValueBinder    : building BasicValue for reposoam
2024-04-29T20:51:30.910-04:00 DEBUG 12448 --- [atenciones_medicas] [           main] org.hibernate.mapping.BasicValue         : Skipping column re-registration: atencion_medica.reposoam
2024-04-29T20:51:30.910-04:00 DEBUG 12448 --- [atenciones_medicas] [           main] o.h.boot.model.internal.PropertyBinder   : Building property reposoam
2024-04-29T20:51:30.916-04:00 DEBUG 12448 --- [atenciones_medicas] [           main] o.h.b.r.c.i.ClassLoaderServiceImpl       : HHH000194: Package not found or wo package-info.java: com.example.atenciones_medicas.model
2024-04-29T20:51:30.928-04:00 DEBUG 12448 --- [atenciones_medicas] [           main] o.h.boot.model.internal.EntityBinder     : Binding entity from annotated class: com.example.atenciones_medicas.model.Paciente
2024-04-29T20:51:30.928-04:00 DEBUG 12448 --- [atenciones_medicas] [           main] o.h.boot.model.internal.EntityBinder     : Import with entity name Paciente
2024-04-29T20:51:30.929-04:00 DEBUG 12448 --- [atenciones_medicas] [           main] o.h.boot.model.internal.EntityBinder     : Bind entity com.example.atenciones_medicas.model.Paciente on table paciente
2024-04-29T20:51:30.929-04:00 DEBUG 12448 --- [atenciones_medicas] [           main] o.h.boot.model.internal.AnnotatedColumn  : Binding column: AnnotatedDiscriminatorColumn(column='DTYPE')
2024-04-29T20:51:30.931-04:00 DEBUG 12448 --- [atenciones_medicas] [           main] o.h.boot.model.internal.AnnotatedColumn  : Binding column: AnnotatedColumn(column='idpa')
2024-04-29T20:51:30.931-04:00 DEBUG 12448 --- [atenciones_medicas] [           main] o.h.boot.internal.ClassLoaderAccessImpl  : Not known whether passed class name [com.example.atenciones_medicas.model.Paciente] is safe
2024-04-29T20:51:30.931-04:00 DEBUG 12448 --- [atenciones_medicas] [           main] o.h.boot.internal.ClassLoaderAccessImpl  : No temp ClassLoader provided; using live ClassLoader for loading potentially unsafe class : com.example.atenciones_medicas.model.Paciente
2024-04-29T20:51:30.931-04:00 DEBUG 12448 --- [atenciones_medicas] [           main] o.h.boot.model.internal.PropertyBinder   : MetadataSourceProcessor property idpa with lazy=false
2024-04-29T20:51:30.931-04:00 DEBUG 12448 --- [atenciones_medicas] [           main] o.h.b.m.internal.AbstractPropertyHolder  : Attempting to locate auto-apply AttributeConverter for property [com.example.atenciones_medicas.model.Paciente:idpa]
2024-04-29T20:51:30.931-04:00 DEBUG 12448 --- [atenciones_medicas] [           main] o.h.b.model.internal.BasicValueBinder    : building BasicValue for idpa
2024-04-29T20:51:30.931-04:00 DEBUG 12448 --- [atenciones_medicas] [           main] org.hibernate.mapping.BasicValue         : Skipping column re-registration: paciente.idpa
2024-04-29T20:51:30.931-04:00 DEBUG 12448 --- [atenciones_medicas] [           main] o.h.boot.model.internal.PropertyBinder   : Building property idpa
2024-04-29T20:51:30.931-04:00 DEBUG 12448 --- [atenciones_medicas] [           main] o.h.boot.model.internal.BinderHelper     : #makeIdGenerator(BasicValue([Column(idpa)]), idpa, identity, , ...)
2024-04-29T20:51:30.932-04:00 DEBUG 12448 --- [atenciones_medicas] [           main] o.h.boot.model.internal.AnnotatedColumn  : Binding column: AnnotatedColumn(column='apellidospa')
2024-04-29T20:51:30.932-04:00 DEBUG 12448 --- [atenciones_medicas] [           main] o.h.boot.model.internal.PropertyBinder   : MetadataSourceProcessor property apellidospa with lazy=false
2024-04-29T20:51:30.932-04:00 DEBUG 12448 --- [atenciones_medicas] [           main] o.h.b.m.internal.AbstractPropertyHolder  : Attempting to locate auto-apply AttributeConverter for property [com.example.atenciones_medicas.model.Paciente:apellidospa]
2024-04-29T20:51:30.932-04:00 DEBUG 12448 --- [atenciones_medicas] [           main] o.h.b.model.internal.BasicValueBinder    : building BasicValue for apellidospa
2024-04-29T20:51:30.932-04:00 DEBUG 12448 --- [atenciones_medicas] [           main] org.hibernate.mapping.BasicValue         : Skipping column re-registration: paciente.apellidospa
2024-04-29T20:51:30.933-04:00 DEBUG 12448 --- [atenciones_medicas] [           main] o.h.boot.model.internal.PropertyBinder   : Building property apellidospa
2024-04-29T20:51:30.933-04:00 DEBUG 12448 --- [atenciones_medicas] [           main] o.h.boot.model.internal.AnnotatedColumn  : Binding column: AnnotatedColumn(column='ciudadpa')
2024-04-29T20:51:30.933-04:00 DEBUG 12448 --- [atenciones_medicas] [           main] o.h.boot.model.internal.PropertyBinder   : MetadataSourceProcessor property ciudadpa with lazy=false
2024-04-29T20:51:30.933-04:00 DEBUG 12448 --- [atenciones_medicas] [           main] o.h.b.m.internal.AbstractPropertyHolder  : Attempting to locate auto-apply AttributeConverter for property [com.example.atenciones_medicas.model.Paciente:ciudadpa]
2024-04-29T20:51:30.934-04:00 DEBUG 12448 --- [atenciones_medicas] [           main] o.h.b.model.internal.BasicValueBinder    : building BasicValue for ciudadpa
[...]

   R2dbcAutoConfiguration:
      Did not match:
         - @ConditionalOnClass did not find required class 'io.r2dbc.spi.ConnectionFactory' (OnClassCondition)

   R2dbcDataAutoConfiguration:
      Did not match:
         - @ConditionalOnClass did not find required class 'org.springframework.data.r2dbc.core.R2dbcEntityTemplate' (OnClassCondition)

   R2dbcInitializationConfiguration:
      Did not match:
         - @ConditionalOnClass did not find required classes 'io.r2dbc.spi.ConnectionFactory', 'org.springframework.r2dbc.connection.init.DatabasePopulator' (OnClassCondition)

   R2dbcRepositoriesAutoConfiguration:
      Did not match:
         - @ConditionalOnClass did not find required class 'io.r2dbc.spi.ConnectionFactory' (OnClassCondition)

   R2dbcTransactionManagerAutoConfiguration:
      Did not match:
         - @ConditionalOnClass did not find required class 'org.springframework.r2dbc.connection.R2dbcTransactionManager' (OnClassCondition)

   RSocketGraphQlClientAutoConfiguration:
      Did not match:
         - @ConditionalOnClass did not find required class 'graphql.GraphQL' (OnClassCondition)

   RSocketMessagingAutoConfiguration:
      Did not match:
         - @ConditionalOnClass did not find required class 'io.rsocket.RSocket' (OnClassCondition)

   RSocketRequesterAutoConfiguration:
      Did not match:
         - @ConditionalOnClass did not find required class 'io.rsocket.RSocket' (OnClassCondition)

   RSocketSecurityAutoConfiguration:
      Did not match:
         - @ConditionalOnClass did not find required class 'org.springframework.security.rsocket.core.SecuritySocketAcceptorInterceptor' (OnClassCondition)

   RSocketServerAutoConfiguration:
      Did not match:
         - @ConditionalOnClass did not find required class 'io.rsocket.core.RSocketServer' (OnClassCondition)

   RSocketStrategiesAutoConfiguration:
      Did not match:
         - @ConditionalOnClass did not find required class 'io.netty.buffer.PooledByteBufAllocator' (OnClassCondition)

   RabbitAutoConfiguration:
      Did not match:
         - @ConditionalOnClass did not find required class 'com.rabbitmq.client.Channel' (OnClassCondition)

   ReactiveElasticsearchClientAutoConfiguration:
      Did not match:
         - @ConditionalOnClass did not find required class 'co.elastic.clients.transport.ElasticsearchTransport' (OnClassCondition)

   ReactiveElasticsearchRepositoriesAutoConfiguration:
      Did not match:
         - @ConditionalOnClass did not find required class 'org.springframework.data.elasticsearch.client.elc.ReactiveElasticsearchClient' (OnClassCondition)

   ReactiveMultipartAutoConfiguration:
      Did not match:
         - @ConditionalOnClass did not find required class 'org.springframework.web.reactive.config.WebFluxConfigurer' (OnClassCondition)

   ReactiveOAuth2ClientAutoConfiguration:
      Did not match:
         - @ConditionalOnClass did not find required class 'reactor.core.publisher.Flux' (OnClassCondition)

   ReactiveOAuth2ResourceServerAutoConfiguration:
      Did not match:
         - @ConditionalOnClass did not find required class 'org.springframework.security.config.annotation.web.reactive.EnableWebFluxSecurity' (OnClassCondition)

   ReactiveSecurityAutoConfiguration:
      Did not match:
         - @ConditionalOnClass did not find required class 'reactor.core.publisher.Flux' (OnClassCondition)

   ReactiveUserDetailsServiceAutoConfiguration:
      Did not match:
         - @ConditionalOnClass did not find required class 'org.springframework.security.authentication.ReactiveAuthenticationManager' (OnClassCondition)

   ReactiveWebServerFactoryAutoConfiguration:
      Did not match:
         - @ConditionalOnWebApplication did not find reactive web application classes (OnWebApplicationCondition)

   ReactorAutoConfiguration:
      Did not match:
         - @ConditionalOnClass did not find required class 'reactor.core.publisher.Hooks' (OnClassCondition)

   RedisAutoConfiguration:
      Did not match:
         - @ConditionalOnClass did not find required class 'org.springframework.data.redis.core.RedisOperations' (OnClassCondition)

   RedisCacheConfiguration:
      Did not match:
         - @ConditionalOnClass did not find required class 'org.springframework.data.redis.connection.RedisConnectionFactory' (OnClassCondition)

   RedisReactiveAutoConfiguration:
      Did not match:
         - @ConditionalOnClass did not find required class 'reactor.core.publisher.Flux' (OnClassCondition)

   RedisRepositoriesAutoConfiguration:
      Did not match:
         - @ConditionalOnClass did not find required class 'org.springframework.data.redis.repository.configuration.EnableRedisRepositories' (OnClassCondition)

   RemoteDevToolsAutoConfiguration:
      Did not match:
         - @ConditionalOnProperty (spring.devtools.remote.secret) did not find property 'secret' (OnPropertyCondition)
      Matched:
         - @ConditionalOnClass found required classes 'jakarta.servlet.Filter', 'org.springframework.http.server.ServerHttpRequest' (OnClassCondition)

   RepositoryRestMvcAutoConfiguration:
      Did not match:
         - @ConditionalOnClass did not find required class 'org.springframework.data.rest.webmvc.config.RepositoryRestMvcConfiguration' (OnClassCondition)

   Saml2RelyingPartyAutoConfiguration:
      Did not match:
         - @ConditionalOnClass did not find required class 'org.springframework.security.saml2.provider.service.registration.RelyingPartyRegistrationRepository' (OnClassCondition)

   SecurityAutoConfiguration:
      Did not match:
         - @ConditionalOnClass did not find required class 'org.springframework.security.authentication.DefaultAuthenticationEventPublisher' (OnClassCondition)

   SecurityFilterAutoConfiguration:
      Did not match:
         - @ConditionalOnClass did not find required class 'org.springframework.security.config.http.SessionCreationPolicy' (OnClassCondition)

   SendGridAutoConfiguration:
      Did not match:
         - @ConditionalOnClass did not find required class 'com.sendgrid.SendGrid' (OnClassCondition)

   ServletWebServerFactoryAutoConfiguration.ForwardedHeaderFilterConfiguration:
      Did not match:
         - @ConditionalOnProperty (server.forward-headers-strategy=framework) did not find property 'server.forward-headers-strategy' (OnPropertyCondition)

   ServletWebServerFactoryConfiguration.EmbeddedJetty:
      Did not match:
         - @ConditionalOnClass did not find required classes 'org.eclipse.jetty.server.Server', 'org.eclipse.jetty.util.Loader', 'org.eclipse.jetty.ee10.webapp.WebAppContext' (OnClassCondition)

   ServletWebServerFactoryConfiguration.EmbeddedUndertow:
      Did not match:
         - @ConditionalOnClass did not find required classes 'io.undertow.Undertow', 'org.xnio.SslClientAuthMode' (OnClassCondition)

   SessionAutoConfiguration:
      Did not match:
         - @ConditionalOnClass did not find required class 'org.springframework.session.Session' (OnClassCondition)

   SpringApplicationAdminJmxAutoConfiguration:
      Did not match:
         - @ConditionalOnProperty (spring.application.admin.enabled=true) did not find property 'enabled' (OnPropertyCondition)

   TaskExecutorConfigurations.SimpleAsyncTaskExecutorBuilderConfiguration#simpleAsyncTaskExecutorBuilderVirtualThreads:
      Did not match:
         - @ConditionalOnMissingBean (types: org.springframework.boot.task.SimpleAsyncTaskExecutorBuilder; SearchStrategy: all) found beans of type 'org.springframework.boot.task.SimpleAsyncTaskExecutorBuilder' simpleAsyncTaskExecutorBuilder (OnBeanCondition)

   TaskExecutorConfigurations.TaskExecutorConfiguration#applicationTaskExecutorVirtualThreads:
      Did not match:
         - @ConditionalOnThreading did not find VIRTUAL (OnThreadingCondition)

   TaskSchedulingAutoConfiguration#scheduledBeanLazyInitializationExcludeFilter:
      Did not match:
         - @ConditionalOnBean (names: org.springframework.context.annotation.internalScheduledAnnotationProcessor; SearchStrategy: all) did not find any beans named org.springframework.context.annotation.internalScheduledAnnotationProcessor (OnBeanCondition)

   TaskSchedulingConfigurations.SimpleAsyncTaskSchedulerBuilderConfiguration#simpleAsyncTaskSchedulerBuilderVirtualThreads:
      Did not match:
         - @ConditionalOnMissingBean (types: org.springframework.boot.task.SimpleAsyncTaskSchedulerBuilder; SearchStrategy: all) found beans of type 'org.springframework.boot.task.SimpleAsyncTaskSchedulerBuilder' simpleAsyncTaskSchedulerBuilder (OnBeanCondition)

   TaskSchedulingConfigurations.TaskSchedulerConfiguration:
      Did not match:
         - @ConditionalOnBean (names: org.springframework.context.annotation.internalScheduledAnnotationProcessor; SearchStrategy: all) did not find any beans named org.springframework.context.annotation.internalScheduledAnnotationProcessor (OnBeanCondition)

   ThymeleafAutoConfiguration:
      Did not match:
         - @ConditionalOnClass did not find required class 'org.thymeleaf.spring6.SpringTemplateEngine' (OnClassCondition)

   TransactionAutoConfiguration#transactionalOperator:
      Did not match:
         - @ConditionalOnSingleCandidate (types: org.springframework.transaction.ReactiveTransactionManager; SearchStrategy: all) did not find any beans (OnBeanCondition)

   TransactionAutoConfiguration.AspectJTransactionManagementConfiguration:
      Did not match:
         - @ConditionalOnBean (types: org.springframework.transaction.aspectj.AbstractTransactionAspect; SearchStrategy: all) did not find any beans of type org.springframework.transaction.aspectj.AbstractTransactionAspect (OnBeanCondition)

   TransactionAutoConfiguration.EnableTransactionManagementConfiguration.JdkDynamicAutoProxyConfiguration:
      Did not match:
         - @ConditionalOnProperty (spring.aop.proxy-target-class=false) did not find property 'proxy-target-class' (OnPropertyCondition)

   UserDetailsServiceAutoConfiguration:
      Did not match:
         - @ConditionalOnClass did not find required class 'org.springframework.security.authentication.AuthenticationManager' (OnClassCondition)

   WebClientAutoConfiguration:
      Did not match:
         - @ConditionalOnClass did not find required class 'org.springframework.web.reactive.function.client.WebClient' (OnClassCondition)

   WebFluxAutoConfiguration:
      Did not match:
         - @ConditionalOnClass did not find required class 'org.springframework.web.reactive.config.WebFluxConfigurer' (OnClassCondition)

   WebMvcAutoConfiguration#hiddenHttpMethodFilter:
      Did not match:
         - @ConditionalOnProperty (spring.mvc.hiddenmethod.filter.enabled) did not find property 'enabled' (OnPropertyCondition)

   WebMvcAutoConfiguration.ProblemDetailsErrorHandlingConfiguration:
      Did not match:
         - @ConditionalOnProperty (spring.mvc.problemdetails.enabled=true) did not find property 'enabled' (OnPropertyCondition)

   WebMvcAutoConfiguration.ResourceChainCustomizerConfiguration:
      Did not match:
         - @ConditionalOnEnabledResourceChain did not find class org.webjars.WebJarAssetLocator (OnEnabledResourceChainCondition)

   WebMvcAutoConfiguration.WebMvcAutoConfigurationAdapter#beanNameViewResolver:
      Did not match:
         - @ConditionalOnMissingBean (types: org.springframework.web.servlet.view.BeanNameViewResolver; SearchStrategy: all) found beans of type 'org.springframework.web.servlet.view.BeanNameViewResolver' beanNameViewResolver (OnBeanCondition)

   WebServiceTemplateAutoConfiguration:
      Did not match:
         - @ConditionalOnClass did not find required class 'org.springframework.oxm.Marshaller' (OnClassCondition)

   WebServicesAutoConfiguration:
      Did not match:
         - @ConditionalOnClass did not find required class 'org.springframework.ws.transport.http.MessageDispatcherServlet' (OnClassCondition)

   WebSessionIdResolverAutoConfiguration:
      Did not match:
         - @ConditionalOnClass did not find required class 'reactor.core.publisher.Mono' (OnClassCondition)

   WebSocketMessagingAutoConfiguration:
      Did not match:
         - @ConditionalOnClass did not find required class 'org.springframework.web.socket.config.annotation.WebSocketMessageBrokerConfigurer' (OnClassCondition)

   WebSocketReactiveAutoConfiguration:
      Did not match:
         - @ConditionalOnWebApplication did not find reactive web application classes (OnWebApplicationCondition)

   WebSocketServletAutoConfiguration.JettyWebSocketConfiguration:
      Did not match:
         - @ConditionalOnClass did not find required class 'org.eclipse.jetty.ee10.websocket.jakarta.server.config.JakartaWebSocketServletContainerInitializer' (OnClassCondition)

   WebSocketServletAutoConfiguration.UndertowWebSocketConfiguration:
      Did not match:
         - @ConditionalOnClass did not find required class 'io.undertow.websockets.jsr.Bootstrap' (OnClassCondition)

   XADataSourceAutoConfiguration:
      Did not match:
         - @ConditionalOnBean (types: org.springframework.boot.jdbc.XADataSourceWrapper; SearchStrategy: all) did not find any beans of type org.springframework.boot.jdbc.XADataSourceWrapper (OnBeanCondition)
      Matched:
         - @ConditionalOnClass found required classes 'javax.sql.DataSource', 'jakarta.transaction.TransactionManager', 'org.springframework.jdbc.datasource.embedded.EmbeddedDatabaseType' (OnClassCondition)


Exclusions:
-----------

    None


Unconditional classes:
----------------------

    org.springframework.boot.autoconfigure.context.ConfigurationPropertiesAutoConfiguration

    org.springframework.boot.autoconfigure.ssl.SslAutoConfiguration

    org.springframework.boot.autoconfigure.context.LifecycleAutoConfiguration

    org.springframework.boot.autoconfigure.context.PropertyPlaceholderAutoConfiguration

    org.springframework.boot.autoconfigure.availability.ApplicationAvailabilityAutoConfiguration

    org.springframework.boot.autoconfigure.info.ProjectInfoAutoConfiguration



2024-04-29T20:51:34.201-04:00  INFO 12448 --- [atenciones_medicas] [           main] c.e.a.AtencionesMedicasApplicationTests  : Started AtencionesMedicasApplicationTests in 9.02 seconds (process running for 11.842)
2024-04-29T20:51:34.205-04:00 DEBUG 12448 --- [atenciones_medicas] [           main] o.s.b.a.ApplicationAvailabilityBean      : Application availability state LivenessState changed to CORRECT
2024-04-29T20:51:34.212-04:00 DEBUG 12448 --- [atenciones_medicas] [           main] o.s.boot.devtools.restart.Restarter      : Creating new Restarter for thread Thread[#1,main,5,main]
2024-04-29T20:51:34.227-04:00 DEBUG 12448 --- [atenciones_medicas] [           main] o.s.b.a.ApplicationAvailabilityBean      : Application availability state ReadinessState changed to ACCEPTING_TRAFFIC
2024-04-29T20:51:34.234-04:00 DEBUG 12448 --- [atenciones_medicas] [           main] org.springframework.test.context.cache   : Spring test ApplicationContext cache statistics: [DefaultContextCache@73ba3c4b size = 1, maxSize = 32, parentContextCount = 0, hitCount = 0, missCount = 1, failureCount = 0]
2024-04-29T20:51:34.236-04:00 DEBUG 12448 --- [atenciones_medicas] [           main] o.s.t.c.w.ServletTestExecutionListener   : Setting up MockHttpServletRequest, MockHttpServletResponse, ServletWebRequest, and RequestContextHolder for test class com.example.atenciones_medicas.AtencionesMedicasApplicationTests
2024-04-29T20:51:34.266-04:00 DEBUG 12448 --- [atenciones_medicas] [           main] DependencyInjectionTestExecutionListener : Performing dependency injection for test class com.example.atenciones_medicas.AtencionesMedicasApplicationTests
2024-04-29T20:51:34.266-04:00 DEBUG 12448 --- [atenciones_medicas] [           main] org.springframework.test.context.cache   : Spring test ApplicationContext cache statistics: [DefaultContextCache@73ba3c4b size = 1, maxSize = 32, parentContextCount = 0, hitCount = 1, missCount = 1, failureCount = 0]
2024-04-29T20:51:34.269-04:00 DEBUG 12448 --- [atenciones_medicas] [           main] org.springframework.test.context.cache   : Spring test ApplicationContext cache statistics: [DefaultContextCache@73ba3c4b size = 1, maxSize = 32, parentContextCount = 0, hitCount = 2, missCount = 1, failureCount = 0]
2024-04-29T20:51:34.314-04:00 DEBUG 12448 --- [atenciones_medicas] [           main] sContextBeforeModesTestExecutionListener : Before test method: class [AtencionesMedicasApplicationTests], method [contextLoads], class annotated with @DirtiesContext [false] with mode [null], method annotated with @DirtiesContext [false] with mode [null]
2024-04-29T20:51:34.319-04:00 DEBUG 12448 --- [atenciones_medicas] [           main] org.springframework.test.context.cache   : Spring test ApplicationContext cache statistics: [DefaultContextCache@73ba3c4b size = 1, maxSize = 32, parentContextCount = 0, hitCount = 3, missCount = 1, failureCount = 0]
2024-04-29T20:51:34.319-04:00 DEBUG 12448 --- [atenciones_medicas] [           main] org.springframework.test.context.cache   : Spring test ApplicationContext cache statistics: [DefaultContextCache@73ba3c4b size = 1, maxSize = 32, parentContextCount = 0, hitCount = 4, missCount = 1, failureCount = 0]
2024-04-29T20:51:34.653-04:00 DEBUG 12448 --- [atenciones_medicas] [           main] org.springframework.test.context.cache   : Spring test ApplicationContext cache statistics: [DefaultContextCache@73ba3c4b size = 1, maxSize = 32, parentContextCount = 0, hitCount = 5, missCount = 1, failureCount = 0]
2024-04-29T20:51:34.662-04:00 DEBUG 12448 --- [atenciones_medicas] [           main] org.springframework.test.context.cache   : Spring test ApplicationContext cache statistics: [DefaultContextCache@73ba3c4b size = 1, maxSize = 32, parentContextCount = 0, hitCount = 6, missCount = 1, failureCount = 0]
2024-04-29T20:51:34.663-04:00 DEBUG 12448 --- [atenciones_medicas] [           main] org.springframework.test.context.cache   : Spring test ApplicationContext cache statistics: [DefaultContextCache@73ba3c4b size = 1, maxSize = 32, parentContextCount = 0, hitCount = 7, missCount = 1, failureCount = 0]
2024-04-29T20:51:34.663-04:00 DEBUG 12448 --- [atenciones_medicas] [           main] org.springframework.test.context.cache   : Spring test ApplicationContext cache statistics: [DefaultContextCache@73ba3c4b size = 1, maxSize = 32, parentContextCount = 0, hitCount = 8, missCount = 1, failureCount = 0]
2024-04-29T20:51:34.664-04:00 DEBUG 12448 --- [atenciones_medicas] [           main] org.springframework.test.context.cache   : Spring test ApplicationContext cache statistics: [DefaultContextCache@73ba3c4b size = 1, maxSize = 32, parentContextCount = 0, hitCount = 9, missCount = 1, failureCount = 0]
2024-04-29T20:51:34.665-04:00 DEBUG 12448 --- [atenciones_medicas] [           main] org.springframework.test.context.cache   : Spring test ApplicationContext cache statistics: [DefaultContextCache@73ba3c4b size = 1, maxSize = 32, parentContextCount = 0, hitCount = 10, missCount = 1, failureCount = 0]
2024-04-29T20:51:34.667-04:00 DEBUG 12448 --- [atenciones_medicas] [           main] org.springframework.test.context.cache   : Spring test ApplicationContext cache statistics: [DefaultContextCache@73ba3c4b size = 1, maxSize = 32, parentContextCount = 0, hitCount = 11, missCount = 1, failureCount = 0]
2024-04-29T20:51:34.670-04:00 DEBUG 12448 --- [atenciones_medicas] [           main] .c.s.DirtiesContextTestExecutionListener : After test method: class [AtencionesMedicasApplicationTests], method [contextLoads], class annotated with @DirtiesContext [false] with mode [null], method annotated with @DirtiesContext [false] with mode [null]
2024-04-29T20:51:34.670-04:00 DEBUG 12448 --- [atenciones_medicas] [           main] o.s.t.c.w.ServletTestExecutionListener   : Resetting RequestContextHolder for test class com.example.atenciones_medicas.AtencionesMedicasApplicationTests
]]></system-out>
  </testcase>
</testsuite>